  0:00 ------------------------------------------------------------
  0:00 InitGame: \fs_game\Mods/so_russia\version\CoD4 X - win_mingw-x86 build 1153 May  1 2022\shortversion\-\build\1153\branch\master\revision\54db3b9c742a86eb594f47fd0caa98f7d8921aec\sv_maxclients\24\_CoD4 X Site\http://cod4x.ovh\protocol\21\sv_privateClients\0\sv_hostname\^1SO RUSSIA ^5SnD ^3Promod ^2|REMASTERED|^0 - ^1Attack^5: ^70 ^0^4Defence^5: ^70\sv_minPing\0\sv_maxPing\600\sv_disableClientConsole\0\sv_voice\1\g_mapStartTime\Thu May 19 07:01:33 2022\g_gametype\war\mapname\mp_killhouse\sv_maxRate\25000\sv_floodprotect\4\sv_pure\1\gamename\Call of Duty 4\g_compassShowEnemies\0\g_logTimeStampInSeconds\0
  0:00 ------------------------------------------------------------
  0:00 InitGame: \fs_game\Mods/so_russia\version\CoD4 X - win_mingw-x86 build 1153 May  1 2022\shortversion\-\build\1153\branch\master\revision\54db3b9c742a86eb594f47fd0caa98f7d8921aec\sv_maxclients\24\_CoD4 X Site\http://cod4x.ovh\protocol\21\sv_privateClients\0\sv_hostname\^1SO RUSSIA ^5SnD ^3Promod ^2|REMASTERED|^0 - ^1Attack^5: ^70 ^0^4Defence^5: ^70\sv_minPing\0\sv_maxPing\600\sv_disableClientConsole\0\sv_voice\1\g_mapStartTime\Thu May 19 07:06:03 2022\g_gametype\war\mapname\mp_killhouse\sv_maxRate\25000\sv_floodprotect\4\sv_pure\1\gamename\Call of Duty 4\g_compassShowEnemies\0\g_logTimeStampInSeconds\0
  0:00 ------------------------------------------------------------
  0:00 InitGame: \fs_game\Mods/so_russia\version\CoD4 X - win_mingw-x86 build 1153 May  1 2022\shortversion\-\build\1153\branch\master\revision\54db3b9c742a86eb594f47fd0caa98f7d8921aec\sv_maxclients\24\_CoD4 X Site\http://cod4x.ovh\protocol\21\sv_privateClients\0\sv_hostname\^1SO RUSSIA ^5SnD ^3Promod ^2|REMASTERED|^0 - ^1Attack^5: ^70 ^0^4Defence^5: ^70\sv_minPing\0\sv_maxPing\600\sv_disableClientConsole\0\sv_voice\1\g_mapStartTime\Thu May 19 07:10:54 2022\g_gametype\war\mapname\mp_killhouse\sv_maxRate\25000\sv_floodprotect\4\sv_pure\1\gamename\Call of Duty 4\g_compassShowEnemies\0\g_logTimeStampInSeconds\0
  0:00 ------------------------------------------------------------
  0:00 InitGame: \fs_game\Mods/so_russia\version\CoD4 X - win_mingw-x86 build 1153 May  1 2022\shortversion\-\build\1153\branch\master\revision\54db3b9c742a86eb594f47fd0caa98f7d8921aec\sv_maxclients\24\_CoD4 X Site\http://cod4x.ovh\protocol\21\sv_privateClients\0\sv_hostname\^1SO RUSSIA ^5SnD ^3Promod ^2|REMASTERED|^0 - ^1Attack^5: ^70 ^0^4Defence^5: ^70\sv_minPing\0\sv_maxPing\600\sv_disableClientConsole\0\sv_voice\1\g_mapStartTime\Thu May 19 07:11:05 2022\g_gametype\war\mapname\mp_killhouse\sv_maxRate\25000\sv_floodprotect\4\sv_pure\1\gamename\Call of Duty 4\g_compassShowEnemies\0\g_logTimeStampInSeconds\0
  0:00 ------------------------------------------------------------
  0:00 InitGame: \fs_game\Mods/so_russia\version\CoD4 X - win_mingw-x86 build 1153 May  1 2022\shortversion\-\build\1153\branch\master\revision\54db3b9c742a86eb594f47fd0caa98f7d8921aec\sv_maxclients\24\_CoD4 X Site\http://cod4x.ovh\protocol\21\sv_privateClients\0\sv_hostname\^1SO RUSSIA ^5SnD ^3Promod ^2|REMASTERED|^0 - ^1Attack^5: ^70 ^0^4Defence^5: ^70\sv_minPing\0\sv_maxPing\600\sv_disableClientConsole\0\sv_voice\1\g_mapStartTime\Thu May 19 07:13:30 2022\g_gametype\war\mapname\mp_killhouse\sv_maxRate\25000\sv_floodprotect\4\sv_pure\1\gamename\Call of Duty 4\g_compassShowEnemies\0\g_logTimeStampInSeconds\0
  0:00 ------------------------------------------------------------
  0:00 InitGame: \fs_game\Mods/so_russia\version\CoD4 X - win_mingw-x86 build 1153 May  1 2022\shortversion\-\build\1153\branch\master\revision\54db3b9c742a86eb594f47fd0caa98f7d8921aec\sv_maxclients\24\_CoD4 X Site\http://cod4x.ovh\protocol\21\sv_privateClients\0\sv_hostname\^1SO RUSSIA ^5SnD ^3Promod ^2|REMASTERED|^0 - ^1Attack^5: ^70 ^0^4Defence^5: ^70\sv_minPing\0\sv_maxPing\600\sv_disableClientConsole\0\sv_voice\1\g_mapStartTime\Thu May 19 07:13:52 2022\g_gametype\war\mapname\mp_killhouse\sv_maxRate\25000\sv_floodprotect\4\sv_pure\1\gamename\Call of Duty 4\g_compassShowEnemies\0\g_logTimeStampInSeconds\0
  1:08 J;2310346613921759162;0;Frames
  2:10 Q;2310346613921759162;0;Frames
  2:10 P_A;2310346613921759162;0;Frames;5;1;0;0;0;0
  0:00 ------------------------------------------------------------
  0:00 InitGame: \fs_game\Mods/so_russia\version\CoD4 X - win_mingw-x86 build 1153 May  1 2022\shortversion\-\build\1153\branch\master\revision\54db3b9c742a86eb594f47fd0caa98f7d8921aec\sv_maxclients\24\_CoD4 X Site\http://cod4x.ovh\protocol\21\sv_privateClients\0\sv_hostname\^1SO RUSSIA ^5SnD ^3Promod ^2|REMASTERED|^0 - ^1Attack^5: ^70 ^0^4Defence^5: ^70\sv_minPing\0\sv_maxPing\600\sv_disableClientConsole\0\sv_voice\1\g_mapStartTime\Thu May 19 07:25:51 2022\g_gametype\war\mapname\mp_killhouse\sv_maxRate\25000\sv_floodprotect\4\sv_pure\1\gamename\Call of Duty 4\g_compassShowEnemies\0\g_logTimeStampInSeconds\0
  0:00 ------------------------------------------------------------
  0:00 InitGame: \fs_game\Mods/so_russia\version\CoD4 X - win_mingw-x86 build 1153 May  1 2022\shortversion\-\build\1153\branch\master\revision\54db3b9c742a86eb594f47fd0caa98f7d8921aec\sv_maxclients\24\_CoD4 X Site\http://cod4x.ovh\protocol\21\sv_privateClients\0\sv_hostname\^1SO RUSSIA ^5SnD ^3Promod ^2|REMASTERED|^0 - ^1Attack^5: ^70 ^0^4Defence^5: ^70\sv_minPing\0\sv_maxPing\600\sv_disableClientConsole\0\sv_voice\1\g_mapStartTime\Thu May 19 07:26:06 2022\g_gametype\war\mapname\mp_killhouse\sv_maxRate\25000\sv_floodprotect\4\sv_pure\1\gamename\Call of Duty 4\g_compassShowEnemies\0\g_logTimeStampInSeconds\0
  0:00 ------------------------------------------------------------
  0:00 InitGame: \fs_game\Mods/so_russia\version\CoD4 X - win_mingw-x86 build 1153 May  1 2022\shortversion\-\build\1153\branch\master\revision\54db3b9c742a86eb594f47fd0caa98f7d8921aec\sv_maxclients\24\_CoD4 X Site\http://cod4x.ovh\protocol\21\sv_privateClients\0\sv_hostname\^1SO RUSSIA ^5SnD ^3Promod ^2|REMASTERED|^0 - ^1Attack^5: ^70 ^0^4Defence^5: ^70\sv_minPing\0\sv_maxPing\600\sv_disableClientConsole\0\sv_voice\1\g_mapStartTime\Thu May 19 07:28:12 2022\g_gametype\war\mapname\mp_killhouse\sv_maxRate\25000\sv_floodprotect\4\sv_pure\1\gamename\Call of Duty 4\g_compassShowEnemies\0\g_logTimeStampInSeconds\0
  0:00 ------------------------------------------------------------
  0:00 InitGame: \fs_game\Mods/so_russia\version\CoD4 X - win_mingw-x86 build 1153 May  1 2022\shortversion\-\build\1153\branch\master\revision\54db3b9c742a86eb594f47fd0caa98f7d8921aec\sv_maxclients\24\_CoD4 X Site\http://cod4x.ovh\protocol\21\sv_privateClients\0\sv_hostname\^1SO RUSSIA ^5SnD ^3Promod ^2|REMASTERED|^0 - ^1Attack^5: ^70 ^0^4Defence^5: ^70\sv_minPing\0\sv_maxPing\600\sv_disableClientConsole\0\sv_voice\1\g_mapStartTime\Thu May 19 07:29:51 2022\g_gametype\war\mapname\mp_killhouse\sv_maxRate\25000\sv_floodprotect\4\sv_pure\1\gamename\Call of Duty 4\g_compassShowEnemies\0\g_logTimeStampInSeconds\0
  0:00 ------------------------------------------------------------
  0:00 InitGame: \fs_game\Mods/so_russia\version\CoD4 X - win_mingw-x86 build 1153 May  1 2022\shortversion\-\build\1153\branch\master\revision\54db3b9c742a86eb594f47fd0caa98f7d8921aec\sv_maxclients\24\_CoD4 X Site\http://cod4x.ovh\protocol\21\sv_privateClients\0\sv_hostname\^1SO RUSSIA ^5SnD ^3Promod ^2|REMASTERED|^0 - ^1Attack^5: ^70 ^0^4Defence^5: ^70\sv_minPing\0\sv_maxPing\600\sv_disableClientConsole\0\sv_voice\1\g_mapStartTime\Thu May 19 07:30:11 2022\g_gametype\war\mapname\mp_killhouse\sv_maxRate\25000\sv_floodprotect\4\sv_pure\1\gamename\Call of Duty 4\g_compassShowEnemies\0\g_logTimeStampInSeconds\0
  0:00 ------------------------------------------------------------
  0:00 InitGame: \fs_game\Mods/so_russia\version\CoD4 X - win_mingw-x86 build 1153 May  1 2022\shortversion\-\build\1153\branch\master\revision\54db3b9c742a86eb594f47fd0caa98f7d8921aec\sv_maxclients\24\_CoD4 X Site\http://cod4x.ovh\protocol\21\sv_privateClients\0\sv_hostname\^1SO RUSSIA ^5SnD ^3Promod ^2|REMASTERED|^0 - ^1Attack^5: ^70 ^0^4Defence^5: ^70\sv_minPing\0\sv_maxPing\600\sv_disableClientConsole\0\sv_voice\1\g_mapStartTime\Thu May 19 07:30:25 2022\g_gametype\war\mapname\mp_killhouse\sv_maxRate\25000\sv_floodprotect\4\sv_pure\1\gamename\Call of Duty 4\g_compassShowEnemies\0\g_logTimeStampInSeconds\0
  0:00 ------------------------------------------------------------
  0:00 InitGame: \fs_game\Mods/so_russia\version\CoD4 X - win_mingw-x86 build 1153 May  1 2022\shortversion\-\build\1153\branch\master\revision\54db3b9c742a86eb594f47fd0caa98f7d8921aec\sv_maxclients\24\_CoD4 X Site\http://cod4x.ovh\protocol\21\sv_privateClients\0\sv_hostname\^1SO RUSSIA ^5SnD ^3Promod ^2|REMASTERED|^0 - ^1Attack^5: ^70 ^0^4Defence^5: ^70\sv_minPing\0\sv_maxPing\600\sv_disableClientConsole\0\sv_voice\1\g_mapStartTime\Thu May 19 07:36:18 2022\g_gametype\war\mapname\mp_killhouse\sv_maxRate\25000\sv_floodprotect\4\sv_pure\1\gamename\Call of Duty 4\g_compassShowEnemies\0\g_logTimeStampInSeconds\0
  0:00 ------------------------------------------------------------
  0:00 InitGame: \fs_game\Mods/so_russia\version\CoD4 X - win_mingw-x86 build 1153 May  1 2022\shortversion\-\build\1153\branch\master\revision\54db3b9c742a86eb594f47fd0caa98f7d8921aec\sv_maxclients\24\_CoD4 X Site\http://cod4x.ovh\protocol\21\sv_privateClients\0\sv_hostname\^1SO RUSSIA ^5SnD ^3Promod ^2|REMASTERED|^0 - ^1Attack^5: ^70 ^0^4Defence^5: ^70\sv_minPing\0\sv_maxPing\600\sv_disableClientConsole\0\sv_voice\1\g_mapStartTime\Thu May 19 07:39:09 2022\g_gametype\war\mapname\mp_killhouse\sv_maxRate\25000\sv_floodprotect\4\sv_pure\1\gamename\Call of Duty 4\g_compassShowEnemies\0\g_logTimeStampInSeconds\0
  0:00 ------------------------------------------------------------
  0:00 InitGame: \fs_game\Mods/so_russia\version\CoD4 X - win_mingw-x86 build 1153 May  1 2022\shortversion\-\build\1153\branch\master\revision\54db3b9c742a86eb594f47fd0caa98f7d8921aec\sv_maxclients\24\_CoD4 X Site\http://cod4x.ovh\protocol\21\sv_privateClients\0\sv_hostname\^1SO RUSSIA ^5SnD ^3Promod ^2|REMASTERED|^0 - ^1Attack^5: ^70 ^0^4Defence^5: ^70\sv_minPing\0\sv_maxPing\600\sv_disableClientConsole\0\sv_voice\1\g_mapStartTime\Thu May 19 07:39:24 2022\g_gametype\war\mapname\mp_killhouse\sv_maxRate\25000\sv_floodprotect\4\sv_pure\1\gamename\Call of Duty 4\g_compassShowEnemies\0\g_logTimeStampInSeconds\0
  0:00 ------------------------------------------------------------
  0:00 InitGame: \fs_game\Mods/so_russia\version\CoD4 X - win_mingw-x86 build 1153 May  1 2022\shortversion\-\build\1153\branch\master\revision\54db3b9c742a86eb594f47fd0caa98f7d8921aec\sv_maxclients\24\_CoD4 X Site\http://cod4x.ovh\protocol\21\sv_privateClients\0\sv_hostname\^1SO RUSSIA ^5SnD ^3Promod ^2|REMASTERED|^0 - ^1Attack^5: ^70 ^0^4Defence^5: ^70\sv_minPing\0\sv_maxPing\600\sv_disableClientConsole\0\sv_voice\1\g_mapStartTime\Thu May 19 07:39:50 2022\g_gametype\war\mapname\mp_killhouse\sv_maxRate\25000\sv_floodprotect\4\sv_pure\1\gamename\Call of Duty 4\g_compassShowEnemies\0\g_logTimeStampInSeconds\0
  0:00 ------------------------------------------------------------
  0:00 InitGame: \fs_game\Mods/so_russia\version\CoD4 X - win_mingw-x86 build 1153 May  1 2022\shortversion\-\build\1153\branch\master\revision\54db3b9c742a86eb594f47fd0caa98f7d8921aec\sv_maxclients\24\_CoD4 X Site\http://cod4x.ovh\protocol\21\sv_privateClients\0\sv_hostname\^1SO RUSSIA ^5SnD ^3Promod ^2|REMASTERED|^0 - ^1Attack^5: ^70 ^0^4Defence^5: ^70\sv_minPing\0\sv_maxPing\600\sv_disableClientConsole\0\sv_voice\1\g_mapStartTime\Thu May 19 07:40:57 2022\g_gametype\war\mapname\mp_killhouse\sv_maxRate\25000\sv_floodprotect\4\sv_pure\1\gamename\Call of Duty 4\g_compassShowEnemies\0\g_logTimeStampInSeconds\0
  0:00 ------------------------------------------------------------
  0:00 InitGame: \fs_game\Mods/so_russia\version\CoD4 X - win_mingw-x86 build 1153 May  1 2022\shortversion\-\build\1153\branch\master\revision\54db3b9c742a86eb594f47fd0caa98f7d8921aec\sv_maxclients\24\_CoD4 X Site\http://cod4x.ovh\protocol\21\sv_privateClients\0\sv_hostname\^1SO RUSSIA ^5SnD ^3Promod ^2|REMASTERED|^0 - ^1Attack^5: ^70 ^0^4Defence^5: ^70\sv_minPing\0\sv_maxPing\600\sv_disableClientConsole\0\sv_voice\1\g_mapStartTime\Thu May 19 07:41:26 2022\g_gametype\war\mapname\mp_killhouse\sv_maxRate\25000\sv_floodprotect\4\sv_pure\1\gamename\Call of Duty 4\g_compassShowEnemies\0\g_logTimeStampInSeconds\0
  0:00 ------------------------------------------------------------
  0:00 InitGame: \fs_game\Mods/so_russia\version\CoD4 X - win_mingw-x86 build 1153 May  1 2022\shortversion\-\build\1153\branch\master\revision\54db3b9c742a86eb594f47fd0caa98f7d8921aec\sv_maxclients\24\_CoD4 X Site\http://cod4x.ovh\protocol\21\sv_privateClients\0\sv_hostname\^1SO RUSSIA ^5SnD ^3Promod ^2|REMASTERED|^0 - ^1Attack^5: ^70 ^0^4Defence^5: ^70\sv_minPing\0\sv_maxPing\600\sv_disableClientConsole\0\sv_voice\1\g_mapStartTime\Thu May 19 07:41:56 2022\g_gametype\war\mapname\mp_killhouse\sv_maxRate\25000\sv_floodprotect\4\sv_pure\1\gamename\Call of Duty 4\g_compassShowEnemies\0\g_logTimeStampInSeconds\0
  0:00 ------------------------------------------------------------
  0:00 InitGame: \fs_game\Mods/so_russia\version\CoD4 X - win_mingw-x86 build 1153 May  1 2022\shortversion\-\build\1153\branch\master\revision\54db3b9c742a86eb594f47fd0caa98f7d8921aec\sv_maxclients\24\_CoD4 X Site\http://cod4x.ovh\protocol\21\sv_privateClients\0\sv_hostname\^1SO RUSSIA ^5SnD ^3Promod ^2|REMASTERED|^0 - ^1Attack^5: ^70 ^0^4Defence^5: ^70\sv_minPing\0\sv_maxPing\600\sv_disableClientConsole\0\sv_voice\1\g_mapStartTime\Thu May 19 07:42:20 2022\g_gametype\war\mapname\mp_killhouse\sv_maxRate\25000\sv_floodprotect\4\sv_pure\1\gamename\Call of Duty 4\g_compassShowEnemies\0\g_logTimeStampInSeconds\0
  0:00 ------------------------------------------------------------
  0:00 InitGame: \fs_game\Mods/so_russia\version\CoD4 X - win_mingw-x86 build 1153 May  1 2022\shortversion\-\build\1153\branch\master\revision\54db3b9c742a86eb594f47fd0caa98f7d8921aec\sv_maxclients\24\_CoD4 X Site\http://cod4x.ovh\protocol\21\sv_privateClients\0\sv_hostname\^1SO RUSSIA ^5SnD ^3Promod ^2|REMASTERED|^0 - ^1Attack^5: ^70 ^0^4Defence^5: ^70\sv_minPing\0\sv_maxPing\600\sv_disableClientConsole\0\sv_voice\1\g_mapStartTime\Thu May 19 07:43:54 2022\g_gametype\war\mapname\mp_killhouse\sv_maxRate\25000\sv_floodprotect\4\sv_pure\1\gamename\Call of Duty 4\g_compassShowEnemies\0\g_logTimeStampInSeconds\0
  0:00 ------------------------------------------------------------
  0:00 InitGame: \fs_game\Mods/so_russia\version\CoD4 X - win_mingw-x86 build 1153 May  1 2022\shortversion\-\build\1153\branch\master\revision\54db3b9c742a86eb594f47fd0caa98f7d8921aec\sv_maxclients\24\_CoD4 X Site\http://cod4x.ovh\protocol\21\sv_privateClients\0\sv_hostname\^1SO RUSSIA ^5SnD ^3Promod ^2|REMASTERED|^0 - ^1Attack^5: ^70 ^0^4Defence^5: ^70\sv_minPing\0\sv_maxPing\600\sv_disableClientConsole\0\sv_voice\1\g_mapStartTime\Thu May 19 07:44:26 2022\g_gametype\war\mapname\mp_killhouse\sv_maxRate\25000\sv_floodprotect\4\sv_pure\1\gamename\Call of Duty 4\g_compassShowEnemies\0\g_logTimeStampInSeconds\0
  0:00 ------------------------------------------------------------
  0:00 InitGame: \fs_game\Mods/so_russia\version\CoD4 X - win_mingw-x86 build 1153 May  1 2022\shortversion\-\build\1153\branch\master\revision\54db3b9c742a86eb594f47fd0caa98f7d8921aec\sv_maxclients\24\_CoD4 X Site\http://cod4x.ovh\protocol\21\sv_privateClients\0\sv_hostname\^1SO RUSSIA ^5SnD ^3Promod ^2|REMASTERED|^0 - ^1Attack^5: ^70 ^0^4Defence^5: ^70\sv_minPing\0\sv_maxPing\600\sv_disableClientConsole\0\sv_voice\1\g_mapStartTime\Thu May 19 07:45:40 2022\g_gametype\war\mapname\mp_killhouse\sv_maxRate\25000\sv_floodprotect\4\sv_pure\1\gamename\Call of Duty 4\g_compassShowEnemies\0\g_logTimeStampInSeconds\0
  0:00 ------------------------------------------------------------
  0:00 InitGame: \fs_game\Mods/so_russia\version\CoD4 X - win_mingw-x86 build 1153 May  1 2022\shortversion\-\build\1153\branch\master\revision\54db3b9c742a86eb594f47fd0caa98f7d8921aec\sv_maxclients\24\_CoD4 X Site\http://cod4x.ovh\protocol\21\sv_privateClients\0\sv_hostname\^1SO RUSSIA ^5SnD ^3Promod ^2|REMASTERED|^0 - ^1Attack^5: ^70 ^0^4Defence^5: ^70\sv_minPing\0\sv_maxPing\600\sv_disableClientConsole\0\sv_voice\1\g_mapStartTime\Thu May 19 07:46:13 2022\g_gametype\war\mapname\mp_killhouse\sv_maxRate\25000\sv_floodprotect\4\sv_pure\1\gamename\Call of Duty 4\g_compassShowEnemies\0\g_logTimeStampInSeconds\0
  0:00 ------------------------------------------------------------
  0:00 InitGame: \fs_game\Mods/so_russia\version\CoD4 X - win_mingw-x86 build 1153 May  1 2022\shortversion\-\build\1153\branch\master\revision\54db3b9c742a86eb594f47fd0caa98f7d8921aec\sv_maxclients\24\_CoD4 X Site\http://cod4x.ovh\protocol\21\sv_privateClients\0\sv_hostname\^1SO RUSSIA ^5SnD ^3Promod ^2|REMASTERED|^0 - ^1Attack^5: ^70 ^0^4Defence^5: ^70\sv_minPing\0\sv_maxPing\600\sv_disableClientConsole\0\sv_voice\1\g_mapStartTime\Thu May 19 07:48:06 2022\g_gametype\war\mapname\mp_killhouse\sv_maxRate\25000\sv_floodprotect\4\sv_pure\1\gamename\Call of Duty 4\g_compassShowEnemies\0\g_logTimeStampInSeconds\0
  1:14 J;2310346613921759162;0;Frames
  1:24 D;2310346613921759162;0;allies;Frames;;-1;world;;none;9;MOD_FALLING;none
  1:37 Q;2310346613921759162;0;Frames
  1:37 P_A;2310346613921759162;0;Frames;2;1;0;0;0;0
  1:51 J;2310346613921759162;0;Frames
  2:39 D;2310346613921759162;0;allies;Frames;;-1;world;;none;9;MOD_FALLING;none
  3:17 ------------------------------------------------------------
  3:17 InitGame: \fs_game\Mods/so_russia\version\CoD4 X - win_mingw-x86 build 1153 May  1 2022\shortversion\-\build\1153\branch\master\revision\54db3b9c742a86eb594f47fd0caa98f7d8921aec\sv_maxclients\24\_CoD4 X Site\http://cod4x.ovh\protocol\21\sv_privateClients\0\sv_hostname\^1SO| ^2Promod ^5SnD\sv_minPing\0\sv_maxPing\600\sv_disableClientConsole\0\sv_voice\1\g_mapStartTime\Thu May 19 07:51:19 2022\uptime\3 minutes\g_gametype\sd\mapname\mp_killhouse\sv_maxRate\25000\sv_floodprotect\1\sv_pure\1\gamename\Call of Duty 4\g_compassShowEnemies\0\_Admin\GeRmaJax\_Website\www.so-russia.TK\_Location\SRI LANKA\_Mod\PROMOD LK\_ModVer\v2 stable\_ModUpdate\Yes\_Maps\COD4 Stock\_Type\Search and Destroy\g_logTimeStampInSeconds\0
  3:17 ExitLevel: executed
  3:17 ------------------------------------------------------------
  3:17 InitGame: \fs_game\Mods/so_russia\version\CoD4 X - win_mingw-x86 build 1153 May  1 2022\shortversion\-\build\1153\branch\master\revision\54db3b9c742a86eb594f47fd0caa98f7d8921aec\sv_maxclients\24\_CoD4 X Site\http://cod4x.ovh\protocol\21\sv_privateClients\0\sv_hostname\^1SO RUSSIA ^5SnD ^3Promod ^2|REMASTERED|^0 - ^1Attack^5: ^70 ^0^4Defence^5: ^70\sv_minPing\0\sv_maxPing\600\sv_disableClientConsole\0\sv_voice\1\g_mapStartTime\Thu May 19 07:51:23 2022\uptime\3 minutes\g_gametype\sd\mapname\mp_killhouse\sv_maxRate\25000\sv_floodprotect\4\sv_pure\1\gamename\Call of Duty 4\g_compassShowEnemies\0\_Admin\GeRmaJax\_Website\www.so-russia.TK\_Location\SRI LANKA\_Mod\PROMOD LK\_ModVer\v2 stable\_ModUpdate\Yes\_Maps\COD4 Stock\_Type\Search and Destroy\g_logTimeStampInSeconds\0
  3:34 J;2310346613921759162;0;Frames
  0:00 ------------------------------------------------------------
  0:00 InitGame: \fs_game\Mods/so_russia\version\CoD4 X - win_mingw-x86 build 1153 May  1 2022\shortversion\-\build\1153\branch\master\revision\54db3b9c742a86eb594f47fd0caa98f7d8921aec\sv_maxclients\24\_CoD4 X Site\http://cod4x.ovh\protocol\21\sv_privateClients\0\sv_hostname\^1SO RUSSIA ^5SnD ^3Promod ^2|REMASTERED|^0 - ^1Attack^5: ^70 ^0^4Defence^5: ^70\sv_minPing\0\sv_maxPing\600\sv_disableClientConsole\0\sv_voice\1\g_mapStartTime\Thu May 19 07:53:30 2022\g_gametype\war\mapname\mp_killhouse\sv_maxRate\25000\sv_floodprotect\4\sv_pure\1\gamename\Call of Duty 4\g_compassShowEnemies\0\g_logTimeStampInSeconds\0
  0:00 ------------------------------------------------------------
  0:00 InitGame: \fs_game\Mods/so_russia\version\CoD4 X - win_mingw-x86 build 1153 May  1 2022\shortversion\-\build\1153\branch\master\revision\54db3b9c742a86eb594f47fd0caa98f7d8921aec\sv_maxclients\24\_CoD4 X Site\http://cod4x.ovh\protocol\21\sv_privateClients\0\sv_hostname\^1SO RUSSIA ^5SnD ^3Promod ^2|REMASTERED|^0 - ^1Attack^5: ^70 ^0^4Defence^5: ^70\sv_minPing\0\sv_maxPing\600\sv_disableClientConsole\0\sv_voice\1\g_mapStartTime\Thu May 19 07:56:00 2022\g_gametype\war\mapname\mp_killhouse\sv_maxRate\25000\sv_floodprotect\4\sv_pure\1\gamename\Call of Duty 4\g_compassShowEnemies\0\g_logTimeStampInSeconds\0
  0:00 ------------------------------------------------------------
  0:00 InitGame: \fs_game\Mods/so_russia\version\CoD4 X - win_mingw-x86 build 1153 May  1 2022\shortversion\-\build\1153\branch\master\revision\54db3b9c742a86eb594f47fd0caa98f7d8921aec\sv_maxclients\24\_CoD4 X Site\http://cod4x.ovh\protocol\21\sv_privateClients\0\sv_hostname\^1SO RUSSIA ^5SnD ^3Promod ^2|REMASTERED|^0 - ^1Attack^5: ^70 ^0^4Defence^5: ^70\sv_minPing\0\sv_maxPing\600\sv_disableClientConsole\0\sv_voice\1\g_mapStartTime\Thu May 19 07:57:05 2022\g_gametype\war\mapname\mp_killhouse\sv_maxRate\25000\sv_floodprotect\4\sv_pure\1\gamename\Call of Duty 4\g_compassShowEnemies\0\g_logTimeStampInSeconds\0
  0:00 ------------------------------------------------------------
  0:00 InitGame: \fs_game\Mods/so_russia\version\CoD4 X - win_mingw-x86 build 1153 May  1 2022\shortversion\-\build\1153\branch\master\revision\54db3b9c742a86eb594f47fd0caa98f7d8921aec\sv_maxclients\24\_CoD4 X Site\http://cod4x.ovh\protocol\21\sv_privateClients\0\sv_hostname\^1SO RUSSIA ^5SnD ^3Promod ^2|REMASTERED|^0 - ^1Attack^5: ^70 ^0^4Defence^5: ^70\sv_minPing\0\sv_maxPing\600\sv_disableClientConsole\0\sv_voice\1\g_mapStartTime\Thu May 19 08:15:08 2022\g_gametype\war\mapname\mp_killhouse\sv_maxRate\25000\sv_floodprotect\4\sv_pure\1\gamename\Call of Duty 4\g_compassShowEnemies\0\g_logTimeStampInSeconds\0
  0:00 ------------------------------------------------------------
  0:00 InitGame: \fs_game\Mods/so_russia\version\CoD4 X - win_mingw-x86 build 1153 May  1 2022\shortversion\-\build\1153\branch\master\revision\54db3b9c742a86eb594f47fd0caa98f7d8921aec\sv_maxclients\24\_CoD4 X Site\http://cod4x.ovh\protocol\21\sv_privateClients\0\sv_hostname\^1SO RUSSIA ^5SnD ^3Promod ^2|REMASTERED|^0 - ^1Attack^5: ^70 ^0^4Defence^5: ^70\sv_minPing\0\sv_maxPing\600\sv_disableClientConsole\0\sv_voice\1\g_mapStartTime\Thu May 19 08:21:53 2022\g_gametype\war\mapname\mp_killhouse\sv_maxRate\25000\sv_floodprotect\4\sv_pure\1\gamename\Call of Duty 4\g_compassShowEnemies\0\g_logTimeStampInSeconds\0
  0:36 J;2310346613921759162;0;Frames
  0:46 K;2310346613921759162;0;allies;Frames;2310346613921759162;-1;;Frames;none;100000;MOD_SUICIDE;none
  0:54 Q;2310346613921759162;0;Frames
  0:54 P_A;2310346613921759162;0;Frames;0;1;0;0;0;0
  0:00 ------------------------------------------------------------
  0:00 InitGame: \fs_game\Mods/so_russia\version\CoD4 X - win_mingw-x86 build 1153 May  1 2022\shortversion\-\build\1153\branch\master\revision\54db3b9c742a86eb594f47fd0caa98f7d8921aec\sv_maxclients\24\_CoD4 X Site\http://cod4x.ovh\protocol\21\sv_privateClients\0\sv_hostname\^1SO RUSSIA ^5SnD ^3Promod ^2|REMASTERED|^0 - ^1Attack^5: ^70 ^0^4Defence^5: ^70\sv_minPing\0\sv_maxPing\600\sv_disableClientConsole\0\sv_voice\1\g_mapStartTime\Thu May 19 08:24:32 2022\g_gametype\war\mapname\mp_killhouse\sv_maxRate\25000\sv_floodprotect\4\sv_pure\1\gamename\Call of Duty 4\g_compassShowEnemies\0\g_logTimeStampInSeconds\0
  0:43 J;2310346613921759162;0;Frames
  0:51 K;2310346613921759162;0;allies;Frames;2310346613921759162;-1;;Frames;none;100000;MOD_SUICIDE;none
  0:55 K;2310346613921759162;0;allies;Frames;2310346613921759162;-1;;Frames;none;100000;MOD_SUICIDE;none
  0:58 K;2310346613921759162;0;allies;Frames;2310346613921759162;-1;;Frames;none;100000;MOD_SUICIDE;none
  1:01 K;2310346613921759162;0;allies;Frames;2310346613921759162;-1;;Frames;none;100000;MOD_SUICIDE;none
  1:05 K;2310346613921759162;0;allies;Frames;2310346613921759162;-1;;Frames;none;100000;MOD_SUICIDE;none
  1:10 K;2310346613921759162;0;allies;Frames;2310346613921759162;-1;;Frames;none;100000;MOD_SUICIDE;none
  3:00 ------------------------------------------------------------
  3:00 InitGame: \fs_game\Mods/so_russia\version\CoD4 X - win_mingw-x86 build 1153 May  1 2022\shortversion\-\build\1153\branch\master\revision\54db3b9c742a86eb594f47fd0caa98f7d8921aec\sv_maxclients\24\_CoD4 X Site\http://cod4x.ovh\protocol\21\sv_privateClients\0\sv_hostname\^1SO| ^2Promod ^5SnD\sv_minPing\0\sv_maxPing\600\sv_disableClientConsole\0\sv_voice\1\g_mapStartTime\Thu May 19 08:27:26 2022\uptime\2 minutes\g_gametype\sd\mapname\mp_killhouse\sv_maxRate\25000\sv_floodprotect\1\sv_pure\1\gamename\Call of Duty 4\g_compassShowEnemies\0\_Admin\GeRmaJax\_Website\www.so-russia.TK\_Location\SRI LANKA\_Mod\PROMOD LK\_ModVer\v2 stable\_ModUpdate\Yes\_Maps\COD4 Stock\_Type\Search and Destroy\g_logTimeStampInSeconds\0
  3:00 ExitLevel: executed
  3:00 ------------------------------------------------------------
  3:00 InitGame: \fs_game\Mods/so_russia\version\CoD4 X - win_mingw-x86 build 1153 May  1 2022\shortversion\-\build\1153\branch\master\revision\54db3b9c742a86eb594f47fd0caa98f7d8921aec\sv_maxclients\24\_CoD4 X Site\http://cod4x.ovh\protocol\21\sv_privateClients\0\sv_hostname\^1SO RUSSIA ^5SnD ^3Promod ^2|REMASTERED|^0 - ^1Attack^5: ^70 ^0^4Defence^5: ^70\sv_minPing\0\sv_maxPing\600\sv_disableClientConsole\0\sv_voice\1\g_mapStartTime\Thu May 19 08:27:30 2022\uptime\2 minutes\g_gametype\sd\mapname\mp_killhouse\sv_maxRate\25000\sv_floodprotect\4\sv_pure\1\gamename\Call of Duty 4\g_compassShowEnemies\0\_Admin\GeRmaJax\_Website\www.so-russia.TK\_Location\SRI LANKA\_Mod\PROMOD LK\_ModVer\v2 stable\_ModUpdate\Yes\_Maps\COD4 Stock\_Type\Search and Destroy\g_logTimeStampInSeconds\0
  3:18 J;2310346613921759162;0;Frames
  5:12 P_A;2310346613921759162;0;Frames;0;1;0;0;0;0
  6:06 ExitLevel: executed
  6:06 ------------------------------------------------------------
  6:06 InitGame: \fs_game\Mods/so_russia\version\CoD4 X - win_mingw-x86 build 1153 May  1 2022\shortversion\-\build\1153\branch\master\revision\54db3b9c742a86eb594f47fd0caa98f7d8921aec\sv_maxclients\24\_CoD4 X Site\http://cod4x.ovh\protocol\21\sv_privateClients\0\sv_hostname\^1SO RUSSIA ^5SnD ^3Promod ^2|REMASTERED|^0 - ^1Attack^5: ^70 ^0^4Defence^5: ^70\sv_minPing\0\sv_maxPing\600\sv_disableClientConsole\0\sv_voice\1\g_mapStartTime\Thu May 19 08:30:33 2022\uptime\6 minutes\g_gametype\sd\mapname\mp_killhouse\sv_maxRate\25000\sv_floodprotect\4\sv_pure\1\gamename\Call of Duty 4\g_compassShowEnemies\0\_Admin\GeRmaJax\_Website\www.so-russia.TK\_Location\SRI LANKA\_Mod\PROMOD LK\_ModVer\v2 stable\_ModUpdate\Yes\_Maps\COD4 Stock\_Type\Search and Destroy\g_logTimeStampInSeconds\0
  6:18 J;2310346613921759162;0;Frames
  8:17 P_A;2310346613921759162;0;Frames;0;1;0;0;0;0
  9:07 ExitLevel: executed
  9:07 ------------------------------------------------------------
  9:07 InitGame: \fs_game\Mods/so_russia\version\CoD4 X - win_mingw-x86 build 1153 May  1 2022\shortversion\-\build\1153\branch\master\revision\54db3b9c742a86eb594f47fd0caa98f7d8921aec\sv_maxclients\24\_CoD4 X Site\http://cod4x.ovh\protocol\21\sv_privateClients\0\sv_hostname\^1SO RUSSIA ^5SnD ^3Promod ^2|REMASTERED|^0 - ^1Attack^5: ^70 ^0^4Defence^5: ^70\sv_minPing\0\sv_maxPing\600\sv_disableClientConsole\0\sv_voice\1\g_mapStartTime\Thu May 19 08:33:34 2022\uptime\9 minutes\g_gametype\sd\mapname\mp_backlot\sv_maxRate\25000\sv_floodprotect\4\sv_pure\1\gamename\Call of Duty 4\g_compassShowEnemies\0\_Admin\GeRmaJax\_Website\www.so-russia.TK\_Location\SRI LANKA\_Mod\PROMOD LK\_ModVer\v2 stable\_ModUpdate\Yes\_Maps\COD4 Stock\_Type\Search and Destroy\g_logTimeStampInSeconds\0
  9:19 J;2310346613921759162;0;Frames
 11:18 P_A;2310346613921759162;0;Frames;0;1;0;0;0;0
 12:13 ExitLevel: executed
 12:13 ------------------------------------------------------------
 12:13 InitGame: \fs_game\Mods/so_russia\version\CoD4 X - win_mingw-x86 build 1153 May  1 2022\shortversion\-\build\1153\branch\master\revision\54db3b9c742a86eb594f47fd0caa98f7d8921aec\sv_maxclients\24\_CoD4 X Site\http://cod4x.ovh\protocol\21\sv_privateClients\0\sv_hostname\^1SO RUSSIA ^5SnD ^3Promod ^2|REMASTERED|^0 - ^1Attack^5: ^70 ^0^4Defence^5: ^70\sv_minPing\0\sv_maxPing\600\sv_disableClientConsole\0\sv_voice\1\g_mapStartTime\Thu May 19 08:36:39 2022\uptime\12 minutes\g_gametype\sd\mapname\mp_killhouse\sv_maxRate\25000\sv_floodprotect\4\sv_pure\1\gamename\Call of Duty 4\g_compassShowEnemies\0\_Admin\GeRmaJax\_Website\www.so-russia.TK\_Location\SRI LANKA\_Mod\PROMOD LK\_ModVer\v2 stable\_ModUpdate\Yes\_Maps\COD4 Stock\_Type\Search and Destroy\g_logTimeStampInSeconds\0
 12:24 J;2310346613921759162;0;Frames
 13:59 K;2310346613921759162;0;allies;Frames;2310346613921759162;-1;;Frames;none;100000;MOD_SUICIDE;none
 14:04 K;2310346613921759162;0;allies;Frames;2310346613921759162;-1;;Frames;none;100000;MOD_SUICIDE;none
 14:07 K;2310346613921759162;0;allies;Frames;2310346613921759162;-1;;Frames;none;100000;MOD_SUICIDE;none
 14:10 K;2310346613921759162;0;allies;Frames;2310346613921759162;-1;;Frames;none;100000;MOD_SUICIDE;none
 14:13 K;2310346613921759162;0;allies;Frames;2310346613921759162;-1;;Frames;none;100000;MOD_SUICIDE;none
 14:24 P_A;2310346613921759162;0;Frames;0;1;0;0;0;0
 15:14 ExitLevel: executed
 15:14 ------------------------------------------------------------
 15:14 InitGame: \fs_game\Mods/so_russia\version\CoD4 X - win_mingw-x86 build 1153 May  1 2022\shortversion\-\build\1153\branch\master\revision\54db3b9c742a86eb594f47fd0caa98f7d8921aec\sv_maxclients\24\_CoD4 X Site\http://cod4x.ovh\protocol\21\sv_privateClients\0\sv_hostname\^1SO RUSSIA ^5SnD ^3Promod ^2|REMASTERED|^0 - ^1Attack^5: ^70 ^0^4Defence^5: ^70\sv_minPing\0\sv_maxPing\600\sv_disableClientConsole\0\sv_voice\1\g_mapStartTime\Thu May 19 08:39:40 2022\uptime\15 minutes\g_gametype\sd\mapname\mp_backlot\sv_maxRate\25000\sv_floodprotect\4\sv_pure\1\gamename\Call of Duty 4\g_compassShowEnemies\0\_Admin\GeRmaJax\_Website\www.so-russia.TK\_Location\SRI LANKA\_Mod\PROMOD LK\_ModVer\v2 stable\_ModUpdate\Yes\_Maps\COD4 Stock\_Type\Search and Destroy\g_logTimeStampInSeconds\0
 16:52 Q;2310346613921759162;0;Frames
 18:14 ExitLevel: executed
 18:14 ------------------------------------------------------------
 18:14 InitGame: \fs_game\Mods/so_russia\version\CoD4 X - win_mingw-x86 build 1153 May  1 2022\shortversion\-\build\1153\branch\master\revision\54db3b9c742a86eb594f47fd0caa98f7d8921aec\sv_maxclients\24\_CoD4 X Site\http://cod4x.ovh\protocol\21\sv_privateClients\0\sv_hostname\^1SO RUSSIA ^5SnD ^3Promod ^2|REMASTERED|^0 - ^1Attack^5: ^70 ^0^4Defence^5: ^70\sv_minPing\0\sv_maxPing\600\sv_disableClientConsole\0\sv_voice\1\g_mapStartTime\Thu May 19 08:42:41 2022\uptime\18 minutes\g_gametype\sd\mapname\mp_citystreets\sv_maxRate\25000\sv_floodprotect\4\sv_pure\1\gamename\Call of Duty 4\g_compassShowEnemies\0\_Admin\GeRmaJax\_Website\www.so-russia.TK\_Location\SRI LANKA\_Mod\PROMOD LK\_ModVer\v2 stable\_ModUpdate\Yes\_Maps\COD4 Stock\_Type\Search and Destroy\g_logTimeStampInSeconds\0
  0:00 ------------------------------------------------------------
  0:00 InitGame: \fs_game\Mods/so_russia\version\CoD4 X - win_mingw-x86 build 1153 May  1 2022\shortversion\-\build\1153\branch\master\revision\54db3b9c742a86eb594f47fd0caa98f7d8921aec\sv_maxclients\24\_CoD4 X Site\http://cod4x.ovh\protocol\21\sv_privateClients\0\sv_hostname\^1SO RUSSIA ^5SnD ^3Promod ^2|REMASTERED|^0 - ^1Attack^5: ^70 ^0^4Defence^5: ^70\sv_minPing\0\sv_maxPing\600\sv_disableClientConsole\0\sv_voice\1\g_mapStartTime\Thu May 19 08:44:17 2022\g_gametype\war\mapname\mp_killhouse\sv_maxRate\25000\sv_floodprotect\4\sv_pure\1\gamename\Call of Duty 4\g_compassShowEnemies\0\g_logTimeStampInSeconds\0
  0:23 J;2310346613921759162;0;Frames
  3:30 Q;2310346613921759162;0;Frames
  3:30 P_A;2310346613921759162;0;Frames;1;1;0;0;0;0
 10:54 ------------------------------------------------------------
 10:54 InitGame: \fs_game\Mods/so_russia\version\CoD4 X - win_mingw-x86 build 1153 May  1 2022\shortversion\-\build\1153\branch\master\revision\54db3b9c742a86eb594f47fd0caa98f7d8921aec\sv_maxclients\24\_CoD4 X Site\http://cod4x.ovh\protocol\21\sv_privateClients\0\sv_hostname\^1SO| ^2Promod ^5SnD\sv_minPing\0\sv_maxPing\600\sv_disableClientConsole\0\sv_voice\1\g_mapStartTime\Thu May 19 08:55:06 2022\uptime\10 minutes\g_gametype\sd\mapname\mp_killhouse\sv_maxRate\25000\sv_floodprotect\1\sv_pure\1\gamename\Call of Duty 4\g_compassShowEnemies\0\_Admin\GeRmaJax\_Website\www.so-russia.TK\_Location\SRI LANKA\_Mod\PROMOD LK\_ModVer\v2 stable\_ModUpdate\Yes\_Maps\COD4 Stock\_Type\Search and Destroy\g_logTimeStampInSeconds\0
 10:54 ExitLevel: executed
 10:55 ------------------------------------------------------------
 10:55 InitGame: \fs_game\Mods/so_russia\version\CoD4 X - win_mingw-x86 build 1153 May  1 2022\shortversion\-\build\1153\branch\master\revision\54db3b9c742a86eb594f47fd0caa98f7d8921aec\sv_maxclients\24\_CoD4 X Site\http://cod4x.ovh\protocol\21\sv_privateClients\0\sv_hostname\^1SO RUSSIA ^5SnD ^3Promod ^2|REMASTERED|^0 - ^1Attack^5: ^70 ^0^4Defence^5: ^70\sv_minPing\0\sv_maxPing\600\sv_disableClientConsole\0\sv_voice\1\g_mapStartTime\Thu May 19 08:55:10 2022\uptime\10 minutes\g_gametype\sd\mapname\mp_killhouse\sv_maxRate\25000\sv_floodprotect\4\sv_pure\1\gamename\Call of Duty 4\g_compassShowEnemies\0\_Admin\GeRmaJax\_Website\www.so-russia.TK\_Location\SRI LANKA\_Mod\PROMOD LK\_ModVer\v2 stable\_ModUpdate\Yes\_Maps\COD4 Stock\_Type\Search and Destroy\g_logTimeStampInSeconds\0
 13:55 ExitLevel: executed
 13:55 ------------------------------------------------------------
 13:55 InitGame: \fs_game\Mods/so_russia\version\CoD4 X - win_mingw-x86 build 1153 May  1 2022\shortversion\-\build\1153\branch\master\revision\54db3b9c742a86eb594f47fd0caa98f7d8921aec\sv_maxclients\24\_CoD4 X Site\http://cod4x.ovh\protocol\21\sv_privateClients\0\sv_hostname\^1SO RUSSIA ^5SnD ^3Promod ^2|REMASTERED|^0 - ^1Attack^5: ^70 ^0^4Defence^5: ^70\sv_minPing\0\sv_maxPing\600\sv_disableClientConsole\0\sv_voice\1\g_mapStartTime\Thu May 19 08:58:08 2022\uptime\13 minutes\g_gametype\sd\mapname\mp_backlot\sv_maxRate\25000\sv_floodprotect\4\sv_pure\1\gamename\Call of Duty 4\g_compassShowEnemies\0\_Admin\GeRmaJax\_Website\www.so-russia.TK\_Location\SRI LANKA\_Mod\PROMOD LK\_ModVer\v2 stable\_ModUpdate\Yes\_Maps\COD4 Stock\_Type\Search and Destroy\g_logTimeStampInSeconds\0
 14:01 Q;2310346613921759162;0;Frames
 15:44 Q;2310346613921759162;0;Frames
 16:33 J;2310346613921759162;0;Frames
 17:01 ExitLevel: executed
 17:01 ------------------------------------------------------------
 17:01 InitGame: \fs_game\Mods/so_russia\version\CoD4 X - win_mingw-x86 build 1153 May  1 2022\shortversion\-\build\1153\branch\master\revision\54db3b9c742a86eb594f47fd0caa98f7d8921aec\sv_maxclients\24\_CoD4 X Site\http://cod4x.ovh\protocol\21\sv_privateClients\0\sv_hostname\^1SO RUSSIA ^5SnD ^3Promod ^2|REMASTERED|^0 - ^1Attack^5: ^70 ^0^4Defence^5: ^70\sv_minPing\0\sv_maxPing\600\sv_disableClientConsole\0\sv_voice\1\g_mapStartTime\Thu May 19 09:01:19 2022\uptime\17 minutes\g_gametype\sd\mapname\mp_killhouse\sv_maxRate\25000\sv_floodprotect\4\sv_pure\1\gamename\Call of Duty 4\g_compassShowEnemies\0\_Admin\GeRmaJax\_Website\www.so-russia.TK\_Location\SRI LANKA\_Mod\PROMOD LK\_ModVer\v2 stable\_ModUpdate\Yes\_Maps\COD4 Stock\_Type\Search and Destroy\g_logTimeStampInSeconds\0
 17:38 J;2310346613921759162;0;Frames
 18:18 D;2310346613921759162;0;allies;Frames;;-1;world;;none;9;MOD_FALLING;none
 18:55 P_A;2310346613921759162;0;Frames;0;1;0;0;0;0
 19:09 ------------------------------------------------------------
 19:09 InitGame: \fs_game\Mods/so_russia\version\CoD4 X - win_mingw-x86 build 1153 May  1 2022\shortversion\-\build\1153\branch\master\revision\54db3b9c742a86eb594f47fd0caa98f7d8921aec\sv_maxclients\24\_CoD4 X Site\http://cod4x.ovh\protocol\21\sv_privateClients\0\sv_hostname\^1SO RUSSIA ^5SnD ^3Promod ^2|REMASTERED|^0 - ^1Attack^5: ^70 ^0^4Defence^5: ^70\sv_minPing\0\sv_maxPing\600\sv_disableClientConsole\0\sv_voice\1\g_mapStartTime\Thu May 19 09:01:19 2022\uptime\19 minutes\g_gametype\sd\mapname\mp_killhouse\sv_maxRate\25000\sv_floodprotect\4\sv_pure\1\gamename\Call of Duty 4\g_compassShowEnemies\0\_Admin\GeRmaJax\_Website\www.so-russia.TK\_Location\SRI LANKA\_Mod\PROMOD LK\_ModVer\v2 stable\_ModUpdate\Yes\_Maps\COD4 Stock\_Type\Search and Destroy\g_logTimeStampInSeconds\0
 19:09 J;2310346613921759162;0;Frames
 20:11 P_A;2310346613921759162;0;Frames;0;1;0;0;0;0
 20:20 Q;2310346613921759162;0;Frames
  0:00 ------------------------------------------------------------
  0:00 InitGame: \fs_game\Mods/so_russia\version\CoD4 X - win_mingw-x86 build 1153 May  1 2022\shortversion\-\build\1153\branch\master\revision\54db3b9c742a86eb594f47fd0caa98f7d8921aec\sv_maxclients\24\_CoD4 X Site\http://cod4x.ovh\protocol\21\sv_privateClients\0\sv_hostname\^1SO RUSSIA ^5SnD ^3Promod ^2|REMASTERED|^0 - ^1Attack^5: ^70 ^0^4Defence^5: ^70\sv_minPing\0\sv_maxPing\600\sv_disableClientConsole\0\sv_voice\1\g_mapStartTime\Thu May 19 09:07:25 2022\g_gametype\war\mapname\mp_killhouse\sv_maxRate\25000\sv_floodprotect\4\sv_pure\1\gamename\Call of Duty 4\g_compassShowEnemies\0\g_logTimeStampInSeconds\0
  1:44 Q;2310346613921759162;0;Frames
  0:00 ------------------------------------------------------------
  0:00 InitGame: \fs_game\Mods/so_russia\version\CoD4 X - win_mingw-x86 build 1153 May  1 2022\shortversion\-\build\1153\branch\master\revision\54db3b9c742a86eb594f47fd0caa98f7d8921aec\sv_maxclients\24\_CoD4 X Site\http://cod4x.ovh\protocol\21\sv_privateClients\0\sv_hostname\^5CoD4Host\sv_minPing\0\sv_maxPing\600\sv_disableClientConsole\0\sv_voice\1\g_mapStartTime\Sat May 21 02:26:04 2022\g_gametype\war\mapname\mp_killhouse\sv_maxRate\25000\sv_floodprotect\4\sv_pure\1\gamename\Call of Duty 4\g_compassShowEnemies\0\g_logTimeStampInSeconds\0
  0:22 ------------------------------------------------------------
  0:22 InitGame: \fs_game\Mods/so_russia\version\CoD4 X - win_mingw-x86 build 1153 May  1 2022\shortversion\-\build\1153\branch\master\revision\54db3b9c742a86eb594f47fd0caa98f7d8921aec\sv_maxclients\24\_CoD4 X Site\http://cod4x.ovh\protocol\21\sv_privateClients\0\sv_hostname\^1SO| ^2Promod ^5SnD\sv_minPing\0\sv_maxPing\600\sv_disableClientConsole\0\sv_voice\1\g_mapStartTime\Sat May 21 02:26:22 2022\uptime\0 minutes\g_gametype\sr\mapname\mp_killhouse\sv_maxRate\25000\sv_floodprotect\1\sv_pure\1\gamename\Call of Duty 4\g_compassShowEnemies\0\_Admin\GeRmaJax\_Website\www.so-russia.TK\_Location\SRI LANKA\_Mod\PROMOD LK\_ModVer\v2 stable\_ModUpdate\Yes\_Maps\COD4 Stock\_Type\Search and Destroy\g_logTimeStampInSeconds\0
  0:22 ExitLevel: executed
  0:22 ------------------------------------------------------------
  0:22 InitGame: \fs_game\Mods/so_russia\version\CoD4 X - win_mingw-x86 build 1153 May  1 2022\shortversion\-\build\1153\branch\master\revision\54db3b9c742a86eb594f47fd0caa98f7d8921aec\sv_maxclients\24\_CoD4 X Site\http://cod4x.ovh\protocol\21\sv_privateClients\0\sv_hostname\^1SO| ^2Promod ^5SnD\sv_minPing\0\sv_maxPing\600\sv_disableClientConsole\0\sv_voice\1\g_mapStartTime\Sat May 21 02:26:25 2022\uptime\0 minutes\g_gametype\sr\mapname\mp_killhouse\sv_maxRate\25000\sv_floodprotect\4\sv_pure\1\gamename\Call of Duty 4\g_compassShowEnemies\0\_Admin\GeRmaJax\_Website\www.so-russia.TK\_Location\SRI LANKA\_Mod\PROMOD LK\_ModVer\v2 stable\_ModUpdate\Yes\_Maps\COD4 Stock\_Type\Search and Destroy\g_logTimeStampInSeconds\0
  0:38 J;2310346613921759162;0;Frames
  2:12 ------------------------------------------------------------
  2:12 InitGame: \fs_game\Mods/so_russia\version\CoD4 X - win_mingw-x86 build 1153 May  1 2022\shortversion\-\build\1153\branch\master\revision\54db3b9c742a86eb594f47fd0caa98f7d8921aec\sv_maxclients\24\_CoD4 X Site\http://cod4x.ovh\protocol\21\sv_privateClients\0\sv_hostname\^1SO| ^2Promod ^5SnD\sv_minPing\0\sv_maxPing\600\sv_disableClientConsole\0\sv_voice\1\g_mapStartTime\Sat May 21 02:26:25 2022\uptime\2 minutes\g_gametype\sr\mapname\mp_killhouse\sv_maxRate\25000\sv_floodprotect\4\sv_pure\1\gamename\Call of Duty 4\g_compassShowEnemies\0\_Admin\GeRmaJax\_Website\www.so-russia.TK\_Location\SRI LANKA\_Mod\PROMOD LK\_ModVer\v2 stable\_ModUpdate\Yes\_Maps\COD4 Stock\_Type\Search and Destroy\g_logTimeStampInSeconds\0
  2:12 J;2310346613921759162;0;Frames
  3:52 J;2310346613921759162;1;Frames
  4:08 ------------------------------------------------------------
  4:08 InitGame: \fs_game\Mods/so_russia\version\CoD4 X - win_mingw-x86 build 1153 May  1 2022\shortversion\-\build\1153\branch\master\revision\54db3b9c742a86eb594f47fd0caa98f7d8921aec\sv_maxclients\24\_CoD4 X Site\http://cod4x.ovh\protocol\21\sv_privateClients\0\sv_hostname\^1SO| ^2Promod ^5SnD\sv_minPing\0\sv_maxPing\600\sv_disableClientConsole\0\sv_voice\1\g_mapStartTime\Sat May 21 02:26:25 2022\uptime\4 minutes\g_gametype\sr\mapname\mp_killhouse\sv_maxRate\25000\sv_floodprotect\4\sv_pure\1\gamename\Call of Duty 4\g_compassShowEnemies\0\_Admin\GeRmaJax\_Website\www.so-russia.TK\_Location\SRI LANKA\_Mod\PROMOD LK\_ModVer\v2 stable\_ModUpdate\Yes\_Maps\COD4 Stock\_Type\Search and Destroy\g_logTimeStampInSeconds\0
  4:08 J;2310346613921759162;1;Frames
  4:08 J;2310346613921759162;0;Frames
  4:53 ------------------------------------------------------------
  4:53 InitGame: \fs_game\Mods/so_russia\version\CoD4 X - win_mingw-x86 build 1153 May  1 2022\shortversion\-\build\1153\branch\master\revision\54db3b9c742a86eb594f47fd0caa98f7d8921aec\sv_maxclients\24\_CoD4 X Site\http://cod4x.ovh\protocol\21\sv_privateClients\0\sv_hostname\^1SO| ^2Promod ^5SnD\sv_minPing\0\sv_maxPing\600\sv_disableClientConsole\0\sv_voice\1\g_mapStartTime\Sat May 21 02:26:25 2022\uptime\4 minutes\g_gametype\sr\mapname\mp_killhouse\sv_maxRate\25000\sv_floodprotect\4\sv_pure\1\gamename\Call of Duty 4\g_compassShowEnemies\0\_Admin\GeRmaJax\_Website\www.so-russia.TK\_Location\SRI LANKA\_Mod\PROMOD LK\_ModVer\v2 stable\_ModUpdate\Yes\_Maps\COD4 Stock\_Type\Search and Destroy\g_logTimeStampInSeconds\0
  4:53 J;2310346613921759162;1;Frames
  4:53 J;2310346613921759162;0;Frames
  5:37 ------------------------------------------------------------
  5:37 InitGame: \fs_game\Mods/so_russia\version\CoD4 X - win_mingw-x86 build 1153 May  1 2022\shortversion\-\build\1153\branch\master\revision\54db3b9c742a86eb594f47fd0caa98f7d8921aec\sv_maxclients\24\_CoD4 X Site\http://cod4x.ovh\protocol\21\sv_privateClients\0\sv_hostname\^1SO| ^2Promod ^5SnD\sv_minPing\0\sv_maxPing\600\sv_disableClientConsole\0\sv_voice\1\g_mapStartTime\Sat May 21 02:26:25 2022\uptime\5 minutes\g_gametype\sr\mapname\mp_killhouse\sv_maxRate\25000\sv_floodprotect\4\sv_pure\1\gamename\Call of Duty 4\g_compassShowEnemies\0\_Admin\GeRmaJax\_Website\www.so-russia.TK\_Location\SRI LANKA\_Mod\PROMOD LK\_ModVer\v2 stable\_ModUpdate\Yes\_Maps\COD4 Stock\_Type\Search and Destroy\g_logTimeStampInSeconds\0
  5:37 J;2310346613921759162;1;Frames
  5:37 J;2310346613921759162;0;Frames
  7:33 ------------------------------------------------------------
  7:33 InitGame: \fs_game\Mods/so_russia\version\CoD4 X - win_mingw-x86 build 1153 May  1 2022\shortversion\-\build\1153\branch\master\revision\54db3b9c742a86eb594f47fd0caa98f7d8921aec\sv_maxclients\24\_CoD4 X Site\http://cod4x.ovh\protocol\21\sv_privateClients\0\sv_hostname\^1SO| ^2Promod ^5SnD\sv_minPing\0\sv_maxPing\600\sv_disableClientConsole\0\sv_voice\1\g_mapStartTime\Sat May 21 02:26:25 2022\uptime\7 minutes\g_gametype\sr\mapname\mp_killhouse\sv_maxRate\25000\sv_floodprotect\4\sv_pure\1\gamename\Call of Duty 4\g_compassShowEnemies\0\_Admin\GeRmaJax\_Website\www.so-russia.TK\_Location\SRI LANKA\_Mod\PROMOD LK\_ModVer\v2 stable\_ModUpdate\Yes\_Maps\COD4 Stock\_Type\Search and Destroy\g_logTimeStampInSeconds\0
  7:33 J;2310346613921759162;1;Frames
  7:33 J;2310346613921759162;0;Frames
  9:32 ------------------------------------------------------------
  9:32 InitGame: \fs_game\Mods/so_russia\version\CoD4 X - win_mingw-x86 build 1153 May  1 2022\shortversion\-\build\1153\branch\master\revision\54db3b9c742a86eb594f47fd0caa98f7d8921aec\sv_maxclients\24\_CoD4 X Site\http://cod4x.ovh\protocol\21\sv_privateClients\0\sv_hostname\^1SO| ^2Promod ^5SnD\sv_minPing\0\sv_maxPing\600\sv_disableClientConsole\0\sv_voice\1\g_mapStartTime\Sat May 21 02:26:25 2022\uptime\9 minutes\g_gametype\sr\mapname\mp_killhouse\sv_maxRate\25000\sv_floodprotect\4\sv_pure\1\gamename\Call of Duty 4\g_compassShowEnemies\0\_Admin\GeRmaJax\_Website\www.so-russia.TK\_Location\SRI LANKA\_Mod\PROMOD LK\_ModVer\v2 stable\_ModUpdate\Yes\_Maps\COD4 Stock\_Type\Search and Destroy\g_logTimeStampInSeconds\0
  9:32 J;2310346613921759162;1;Frames
  9:32 J;2310346613921759162;0;Frames
 11:27 ------------------------------------------------------------
 11:27 InitGame: \fs_game\Mods/so_russia\version\CoD4 X - win_mingw-x86 build 1153 May  1 2022\shortversion\-\build\1153\branch\master\revision\54db3b9c742a86eb594f47fd0caa98f7d8921aec\sv_maxclients\24\_CoD4 X Site\http://cod4x.ovh\protocol\21\sv_privateClients\0\sv_hostname\^1SO| ^2Promod ^5SnD\sv_minPing\0\sv_maxPing\600\sv_disableClientConsole\0\sv_voice\1\g_mapStartTime\Sat May 21 02:26:25 2022\uptime\11 minutes\g_gametype\sr\mapname\mp_killhouse\sv_maxRate\25000\sv_floodprotect\4\sv_pure\1\gamename\Call of Duty 4\g_compassShowEnemies\0\_Admin\GeRmaJax\_Website\www.so-russia.TK\_Location\SRI LANKA\_Mod\PROMOD LK\_ModVer\v2 stable\_ModUpdate\Yes\_Maps\COD4 Stock\_Type\Search and Destroy\g_logTimeStampInSeconds\0
 11:27 J;2310346613921759162;1;Frames
 11:27 J;2310346613921759162;0;Frames
 13:23 ------------------------------------------------------------
 13:23 InitGame: \fs_game\Mods/so_russia\version\CoD4 X - win_mingw-x86 build 1153 May  1 2022\shortversion\-\build\1153\branch\master\revision\54db3b9c742a86eb594f47fd0caa98f7d8921aec\sv_maxclients\24\_CoD4 X Site\http://cod4x.ovh\protocol\21\sv_privateClients\0\sv_hostname\^1SO| ^2Promod ^5SnD\sv_minPing\0\sv_maxPing\600\sv_disableClientConsole\0\sv_voice\1\g_mapStartTime\Sat May 21 02:26:25 2022\uptime\13 minutes\g_gametype\sr\mapname\mp_killhouse\sv_maxRate\25000\sv_floodprotect\4\sv_pure\1\gamename\Call of Duty 4\g_compassShowEnemies\0\_Admin\GeRmaJax\_Website\www.so-russia.TK\_Location\SRI LANKA\_Mod\PROMOD LK\_ModVer\v2 stable\_ModUpdate\Yes\_Maps\COD4 Stock\_Type\Search and Destroy\g_logTimeStampInSeconds\0
 13:23 J;2310346613921759162;1;Frames
 13:23 J;2310346613921759162;0;Frames
 15:12 K;2310346613921759162;1;allies;Frames;2310346613921759162;0;;Frames;m40a3_mp;646;MOD_RIFLE_BULLET;torso_upper
 15:37 ------------------------------------------------------------
 15:37 InitGame: \fs_game\Mods/so_russia\version\CoD4 X - win_mingw-x86 build 1153 May  1 2022\shortversion\-\build\1153\branch\master\revision\54db3b9c742a86eb594f47fd0caa98f7d8921aec\sv_maxclients\24\_CoD4 X Site\http://cod4x.ovh\protocol\21\sv_privateClients\0\sv_hostname\^1SO| ^2Promod ^5SnD\sv_minPing\0\sv_maxPing\600\sv_disableClientConsole\0\sv_voice\1\g_mapStartTime\Sat May 21 02:26:25 2022\uptime\15 minutes\g_gametype\sr\mapname\mp_killhouse\sv_maxRate\25000\sv_floodprotect\4\sv_pure\1\gamename\Call of Duty 4\g_compassShowEnemies\0\_Admin\GeRmaJax\_Website\www.so-russia.TK\_Location\SRI LANKA\_Mod\PROMOD LK\_ModVer\v2 stable\_ModUpdate\Yes\_Maps\COD4 Stock\_Type\Search and Destroy\g_logTimeStampInSeconds\0
 15:37 J;2310346613921759162;1;Frames
 15:37 J;2310346613921759162;0;Frames
 15:53 K;2310346613921759162;1;allies;Frames;2310346613921759162;0;;Frames;m40a3_mp;646;MOD_RIFLE_BULLET;torso_upper
 16:11 ------------------------------------------------------------
 16:11 InitGame: \fs_game\Mods/so_russia\version\CoD4 X - win_mingw-x86 build 1153 May  1 2022\shortversion\-\build\1153\branch\master\revision\54db3b9c742a86eb594f47fd0caa98f7d8921aec\sv_maxclients\24\_CoD4 X Site\http://cod4x.ovh\protocol\21\sv_privateClients\0\sv_hostname\^1SO| ^2Promod ^5SnD\sv_minPing\0\sv_maxPing\600\sv_disableClientConsole\0\sv_voice\1\g_mapStartTime\Sat May 21 02:26:25 2022\uptime\16 minutes\g_gametype\sr\mapname\mp_killhouse\sv_maxRate\25000\sv_floodprotect\4\sv_pure\1\gamename\Call of Duty 4\g_compassShowEnemies\0\_Admin\GeRmaJax\_Website\www.so-russia.TK\_Location\SRI LANKA\_Mod\PROMOD LK\_ModVer\v2 stable\_ModUpdate\Yes\_Maps\COD4 Stock\_Type\Search and Destroy\g_logTimeStampInSeconds\0
 16:12 J;2310346613921759162;1;Frames
 16:12 J;2310346613921759162;0;Frames
 16:15 Q;2310346613921759162;0;Frames
 16:15 P_A;2310346613921759162;0;Frames;21;3;200;0;0;0
 16:21 Q;2310346613921759162;1;Frames
 16:21 P_A;2310346613921759162;1;Frames;0;1;0;200;0;0
 16:26 ------------------------------------------------------------
 16:26 InitGame: \fs_game\Mods/so_russia\version\CoD4 X - win_mingw-x86 build 1153 May  1 2022\shortversion\-\build\1153\branch\master\revision\54db3b9c742a86eb594f47fd0caa98f7d8921aec\sv_maxclients\24\_CoD4 X Site\http://cod4x.ovh\protocol\21\sv_privateClients\0\sv_hostname\^1SO| ^2Promod ^5SnD\sv_minPing\0\sv_maxPing\600\sv_disableClientConsole\0\sv_voice\1\g_mapStartTime\Sat May 21 02:26:25 2022\uptime\16 minutes\g_gametype\sr\mapname\mp_killhouse\sv_maxRate\25000\sv_floodprotect\4\sv_pure\1\gamename\Call of Duty 4\g_compassShowEnemies\0\_Admin\GeRmaJax\_Website\www.so-russia.TK\_Location\SRI LANKA\_Mod\PROMOD LK\_ModVer\v2 stable\_ModUpdate\Yes\_Maps\COD4 Stock\_Type\Search and Destroy\g_logTimeStampInSeconds\0
