
Logfile opened on Thu Jun 09 22:35:30 2022


^3Warning: WARNING: unknown cvar 'bg_shock_volume_physics' in file 'shock/frag_grenade_mp.shock'
^3Warning: WARNING: unknown cvar 'bg_shock_volume_auto' in file 'shock/frag_grenade_mp.shock'
^3Warning: WARNING: unknown cvar 'bg_shock_volume_auto2' in file 'shock/frag_grenade_mp.shock'
^3Warning: WARNING: unknown cvar 'bg_shock_volume_autodog' in file 'shock/frag_grenade_mp.shock'
^3Warning: WARNING: unknown cvar 'bg_shock_volume_bulletimpact' in file 'shock/frag_grenade_mp.shock'
^3Warning: WARNING: unknown cvar 'bg_shock_volume_bulletwhizby' in file 'shock/frag_grenade_mp.shock'
^3Warning: WARNING: unknown cvar 'bg_shock_volume_element' in file 'shock/frag_grenade_mp.shock'
^3Warning: WARNING: unknown cvar 'bg_shock_volume_auto2d' in file 'shock/frag_grenade_mp.shock'
^3Warning: WARNING: unknown cvar 'bg_shock_volume_vehicle' in file 'shock/frag_grenade_mp.shock'
^3Warning: WARNING: unknown cvar 'bg_shock_volume_vehiclelimited' in file 'shock/frag_grenade_mp.shock'
^3Warning: WARNING: unknown cvar 'bg_shock_volume_menu' in file 'shock/frag_grenade_mp.shock'
^3Warning: WARNING: unknown cvar 'bg_shock_volume_body' in file 'shock/frag_grenade_mp.shock'
^3Warning: WARNING: unknown cvar 'bg_shock_volume_body2d' in file 'shock/frag_grenade_mp.shock'
^3Warning: WARNING: unknown cvar 'bg_shock_volume_reload' in file 'shock/frag_grenade_mp.shock'
^3Warning: WARNING: unknown cvar 'bg_shock_volume_reload2d' in file 'shock/frag_grenade_mp.shock'
^3Warning: WARNING: unknown cvar 'bg_shock_volume_item' in file 'shock/frag_grenade_mp.shock'
^3Warning: WARNING: unknown cvar 'bg_shock_volume_effects1' in file 'shock/frag_grenade_mp.shock'
^3Warning: WARNING: unknown cvar 'bg_shock_volume_effects2' in file 'shock/frag_grenade_mp.shock'
^3Warning: WARNING: unknown cvar 'bg_shock_volume_weapon' in file 'shock/frag_grenade_mp.shock'
^3Warning: WARNING: unknown cvar 'bg_shock_volume_weapon2d' in file 'shock/frag_grenade_mp.shock'
^3Warning: WARNING: unknown cvar 'bg_shock_volume_nonshock' in file 'shock/frag_grenade_mp.shock'
^3Warning: WARNING: unknown cvar 'bg_shock_volume_voice' in file 'shock/frag_grenade_mp.shock'
^3Warning: WARNING: unknown cvar 'bg_shock_volume_local' in file 'shock/frag_grenade_mp.shock'
^3Warning: WARNING: unknown cvar 'bg_shock_volume_local2' in file 'shock/frag_grenade_mp.shock'
^3Warning: WARNING: unknown cvar 'bg_shock_volume_ambient' in file 'shock/frag_grenade_mp.shock'
^3Warning: WARNING: unknown cvar 'bg_shock_volume_hurt' in file 'shock/frag_grenade_mp.shock'
^3Warning: WARNING: unknown cvar 'bg_shock_volume_player1' in file 'shock/frag_grenade_mp.shock'
^3Warning: WARNING: unknown cvar 'bg_shock_volume_player2' in file 'shock/frag_grenade_mp.shock'
^3Warning: WARNING: unknown cvar 'bg_shock_volume_music' in file 'shock/frag_grenade_mp.shock'
^3Warning: WARNING: unknown cvar 'bg_shock_volume_musicnopause' in file 'shock/frag_grenade_mp.shock'
^3Warning: WARNING: unknown cvar 'bg_shock_volume_mission' in file 'shock/frag_grenade_mp.shock'
^3Warning: WARNING: unknown cvar 'bg_shock_volume_announcer' in file 'shock/frag_grenade_mp.shock'
^3Warning: WARNING: unknown cvar 'bg_shock_volume_shellshock' in file 'shock/frag_grenade_mp.shock'
^2claymore_mp: WEAPON_CLAYMORE
^2frag_grenade_mp: WEAPON_FRAGGRENADE
^2frag_grenade_short_mp: WEAPON_FRAGGRENADE
^2smoke_grenade_mp: WEAPON_SMOKEGRENADE
^2flash_grenade_mp: WEAPON_FLASHGRENADE
^3Warning: WARNING: unknown cvar 'bg_shock_volume_physics' in file 'shock/default.shock'
^3Warning: WARNING: unknown cvar 'bg_shock_volume_auto' in file 'shock/default.shock'
^3Warning: WARNING: unknown cvar 'bg_shock_volume_auto2' in file 'shock/default.shock'
^3Warning: WARNING: unknown cvar 'bg_shock_volume_autodog' in file 'shock/default.shock'
^3Warning: WARNING: unknown cvar 'bg_shock_volume_bulletimpact' in file 'shock/default.shock'
^3Warning: WARNING: unknown cvar 'bg_shock_volume_bulletwhizby' in file 'shock/default.shock'
^3Warning: WARNING: unknown cvar 'bg_shock_volume_element' in file 'shock/default.shock'
^3Warning: WARNING: unknown cvar 'bg_shock_volume_auto2d' in file 'shock/default.shock'
^3Warning: WARNING: unknown cvar 'bg_shock_volume_vehicle' in file 'shock/default.shock'
^3Warning: WARNING: unknown cvar 'bg_shock_volume_vehiclelimited' in file 'shock/default.shock'
^3Warning: WARNING: unknown cvar 'bg_shock_volume_menu' in file 'shock/default.shock'
^3Warning: WARNING: unknown cvar 'bg_shock_volume_body' in file 'shock/default.shock'
^3Warning: WARNING: unknown cvar 'bg_shock_volume_body2d' in file 'shock/default.shock'
^3Warning: WARNING: unknown cvar 'bg_shock_volume_reload' in file 'shock/default.shock'
^3Warning: WARNING: unknown cvar 'bg_shock_volume_reload2d' in file 'shock/default.shock'
^3Warning: WARNING: unknown cvar 'bg_shock_volume_item' in file 'shock/default.shock'
^3Warning: WARNING: unknown cvar 'bg_shock_volume_effects1' in file 'shock/default.shock'
^3Warning: WARNING: unknown cvar 'bg_shock_volume_effects2' in file 'shock/default.shock'
^3Warning: WARNING: unknown cvar 'bg_shock_volume_weapon' in file 'shock/default.shock'
^3Warning: WARNING: unknown cvar 'bg_shock_volume_weapon2d' in file 'shock/default.shock'
^3Warning: WARNING: unknown cvar 'bg_shock_volume_nonshock' in file 'shock/default.shock'
^3Warning: WARNING: unknown cvar 'bg_shock_volume_voice' in file 'shock/default.shock'
^3Warning: WARNING: unknown cvar 'bg_shock_volume_local' in file 'shock/default.shock'
^3Warning: WARNING: unknown cvar 'bg_shock_volume_local2' in file 'shock/default.shock'
^3Warning: WARNING: unknown cvar 'bg_shock_volume_ambient' in file 'shock/default.shock'
^3Warning: WARNING: unknown cvar 'bg_shock_volume_hurt' in file 'shock/default.shock'
^3Warning: WARNING: unknown cvar 'bg_shock_volume_player1' in file 'shock/default.shock'
^3Warning: WARNING: unknown cvar 'bg_shock_volume_player2' in file 'shock/default.shock'
^3Warning: WARNING: unknown cvar 'bg_shock_volume_music' in file 'shock/default.shock'
^3Warning: WARNING: unknown cvar 'bg_shock_volume_musicnopause' in file 'shock/default.shock'
^3Warning: WARNING: unknown cvar 'bg_shock_volume_mission' in file 'shock/default.shock'
^3Warning: WARNING: unknown cvar 'bg_shock_volume_announcer' in file 'shock/default.shock'
^3Warning: WARNING: unknown cvar 'bg_shock_volume_shellshock' in file 'shock/default.shock'
^3Warning: WARNING: unknown cvar 'bg_shock_volume_physics' in file 'shock/flashbang.shock'
^3Warning: WARNING: unknown cvar 'bg_shock_volume_auto' in file 'shock/flashbang.shock'
^3Warning: WARNING: unknown cvar 'bg_shock_volume_auto2' in file 'shock/flashbang.shock'
^3Warning: WARNING: unknown cvar 'bg_shock_volume_autodog' in file 'shock/flashbang.shock'
^3Warning: WARNING: unknown cvar 'bg_shock_volume_bulletimpact' in file 'shock/flashbang.shock'
^3Warning: WARNING: unknown cvar 'bg_shock_volume_bulletwhizby' in file 'shock/flashbang.shock'
^3Warning: WARNING: unknown cvar 'bg_shock_volume_element' in file 'shock/flashbang.shock'
^3Warning: WARNING: unknown cvar 'bg_shock_volume_auto2d' in file 'shock/flashbang.shock'
^3Warning: WARNING: unknown cvar 'bg_shock_volume_vehicle' in file 'shock/flashbang.shock'
^3Warning: WARNING: unknown cvar 'bg_shock_volume_vehiclelimited' in file 'shock/flashbang.shock'
^3Warning: WARNING: unknown cvar 'bg_shock_volume_menu' in file 'shock/flashbang.shock'
^3Warning: WARNING: unknown cvar 'bg_shock_volume_body' in file 'shock/flashbang.shock'
^3Warning: WARNING: unknown cvar 'bg_shock_volume_body2d' in file 'shock/flashbang.shock'
^3Warning: WARNING: unknown cvar 'bg_shock_volume_reload' in file 'shock/flashbang.shock'
^3Warning: WARNING: unknown cvar 'bg_shock_volume_reload2d' in file 'shock/flashbang.shock'
^3Warning: WARNING: unknown cvar 'bg_shock_volume_item' in file 'shock/flashbang.shock'
^3Warning: WARNING: unknown cvar 'bg_shock_volume_effects1' in file 'shock/flashbang.shock'
^3Warning: WARNING: unknown cvar 'bg_shock_volume_effects2' in file 'shock/flashbang.shock'
^3Warning: WARNING: unknown cvar 'bg_shock_volume_weapon' in file 'shock/flashbang.shock'
^3Warning: WARNING: unknown cvar 'bg_shock_volume_weapon2d' in file 'shock/flashbang.shock'
^3Warning: WARNING: unknown cvar 'bg_shock_volume_nonshock' in file 'shock/flashbang.shock'
^3Warning: WARNING: unknown cvar 'bg_shock_volume_voice' in file 'shock/flashbang.shock'
^3Warning: WARNING: unknown cvar 'bg_shock_volume_local' in file 'shock/flashbang.shock'
^3Warning: WARNING: unknown cvar 'bg_shock_volume_local2' in file 'shock/flashbang.shock'
^3Warning: WARNING: unknown cvar 'bg_shock_volume_ambient' in file 'shock/flashbang.shock'
^3Warning: WARNING: unknown cvar 'bg_shock_volume_hurt' in file 'shock/flashbang.shock'
^3Warning: WARNING: unknown cvar 'bg_shock_volume_player1' in file 'shock/flashbang.shock'
^3Warning: WARNING: unknown cvar 'bg_shock_volume_player2' in file 'shock/flashbang.shock'
^3Warning: WARNING: unknown cvar 'bg_shock_volume_music' in file 'shock/flashbang.shock'
^3Warning: WARNING: unknown cvar 'bg_shock_volume_musicnopause' in file 'shock/flashbang.shock'
^3Warning: WARNING: unknown cvar 'bg_shock_volume_mission' in file 'shock/flashbang.shock'
^3Warning: WARNING: unknown cvar 'bg_shock_volume_announcer' in file 'shock/flashbang.shock'
^3Warning: WARNING: unknown cvar 'bg_shock_volume_shellshock' in file 'shock/flashbang.shock'
^3Warning: WARNING: unknown cvar 'bg_shock_volume_physics' in file 'shock/frag_grenade_mp.shock'
^3Warning: WARNING: unknown cvar 'bg_shock_volume_auto' in file 'shock/frag_grenade_mp.shock'
^3Warning: WARNING: unknown cvar 'bg_shock_volume_auto2' in file 'shock/frag_grenade_mp.shock'
^3Warning: WARNING: unknown cvar 'bg_shock_volume_autodog' in file 'shock/frag_grenade_mp.shock'
^3Warning: WARNING: unknown cvar 'bg_shock_volume_bulletimpact' in file 'shock/frag_grenade_mp.shock'
^3Warning: WARNING: unknown cvar 'bg_shock_volume_bulletwhizby' in file 'shock/frag_grenade_mp.shock'
^3Warning: WARNING: unknown cvar 'bg_shock_volume_element' in file 'shock/frag_grenade_mp.shock'
^3Warning: WARNING: unknown cvar 'bg_shock_volume_auto2d' in file 'shock/frag_grenade_mp.shock'
^3Warning: WARNING: unknown cvar 'bg_shock_volume_vehicle' in file 'shock/frag_grenade_mp.shock'
^3Warning: WARNING: unknown cvar 'bg_shock_volume_vehiclelimited' in file 'shock/frag_grenade_mp.shock'
^3Warning: WARNING: unknown cvar 'bg_shock_volume_menu' in file 'shock/frag_grenade_mp.shock'
^3Warning: WARNING: unknown cvar 'bg_shock_volume_body' in file 'shock/frag_grenade_mp.shock'
^3Warning: WARNING: unknown cvar 'bg_shock_volume_body2d' in file 'shock/frag_grenade_mp.shock'
^3Warning: WARNING: unknown cvar 'bg_shock_volume_reload' in file 'shock/frag_grenade_mp.shock'
^3Warning: WARNING: unknown cvar 'bg_shock_volume_reload2d' in file 'shock/frag_grenade_mp.shock'
^3Warning: WARNING: unknown cvar 'bg_shock_volume_item' in file 'shock/frag_grenade_mp.shock'
^3Warning: WARNING: unknown cvar 'bg_shock_volume_effects1' in file 'shock/frag_grenade_mp.shock'
^3Warning: WARNING: unknown cvar 'bg_shock_volume_effects2' in file 'shock/frag_grenade_mp.shock'
^3Warning: WARNING: unknown cvar 'bg_shock_volume_weapon' in file 'shock/frag_grenade_mp.shock'
^3Warning: WARNING: unknown cvar 'bg_shock_volume_weapon2d' in file 'shock/frag_grenade_mp.shock'
^3Warning: WARNING: unknown cvar 'bg_shock_volume_nonshock' in file 'shock/frag_grenade_mp.shock'
^3Warning: WARNING: unknown cvar 'bg_shock_volume_voice' in file 'shock/frag_grenade_mp.shock'
^3Warning: WARNING: unknown cvar 'bg_shock_volume_local' in file 'shock/frag_grenade_mp.shock'
^3Warning: WARNING: unknown cvar 'bg_shock_volume_local2' in file 'shock/frag_grenade_mp.shock'
^3Warning: WARNING: unknown cvar 'bg_shock_volume_ambient' in file 'shock/frag_grenade_mp.shock'
^3Warning: WARNING: unknown cvar 'bg_shock_volume_hurt' in file 'shock/frag_grenade_mp.shock'
^3Warning: WARNING: unknown cvar 'bg_shock_volume_player1' in file 'shock/frag_grenade_mp.shock'
^3Warning: WARNING: unknown cvar 'bg_shock_volume_player2' in file 'shock/frag_grenade_mp.shock'
^3Warning: WARNING: unknown cvar 'bg_shock_volume_music' in file 'shock/frag_grenade_mp.shock'
^3Warning: WARNING: unknown cvar 'bg_shock_volume_musicnopause' in file 'shock/frag_grenade_mp.shock'
^3Warning: WARNING: unknown cvar 'bg_shock_volume_mission' in file 'shock/frag_grenade_mp.shock'
^3Warning: WARNING: unknown cvar 'bg_shock_volume_announcer' in file 'shock/frag_grenade_mp.shock'
^3Warning: WARNING: unknown cvar 'bg_shock_volume_shellshock' in file 'shock/frag_grenade_mp.shock'
^3Warning: WARNING: unknown cvar 'bg_shock_volume_physics' in file 'shock/damage_mp.shock'
^3Warning: WARNING: unknown cvar 'bg_shock_volume_auto' in file 'shock/damage_mp.shock'
^3Warning: WARNING: unknown cvar 'bg_shock_volume_auto2' in file 'shock/damage_mp.shock'
^3Warning: WARNING: unknown cvar 'bg_shock_volume_autodog' in file 'shock/damage_mp.shock'
^3Warning: WARNING: unknown cvar 'bg_shock_volume_bulletimpact' in file 'shock/damage_mp.shock'
^3Warning: WARNING: unknown cvar 'bg_shock_volume_bulletwhizby' in file 'shock/damage_mp.shock'
^3Warning: WARNING: unknown cvar 'bg_shock_volume_element' in file 'shock/damage_mp.shock'
^3Warning: WARNING: unknown cvar 'bg_shock_volume_auto2d' in file 'shock/damage_mp.shock'
^3Warning: WARNING: unknown cvar 'bg_shock_volume_vehicle' in file 'shock/damage_mp.shock'
^3Warning: WARNING: unknown cvar 'bg_shock_volume_vehiclelimited' in file 'shock/damage_mp.shock'
^3Warning: WARNING: unknown cvar 'bg_shock_volume_menu' in file 'shock/damage_mp.shock'
^3Warning: WARNING: unknown cvar 'bg_shock_volume_body' in file 'shock/damage_mp.shock'
^3Warning: WARNING: unknown cvar 'bg_shock_volume_body2d' in file 'shock/damage_mp.shock'
^3Warning: WARNING: unknown cvar 'bg_shock_volume_reload' in file 'shock/damage_mp.shock'
^3Warning: WARNING: unknown cvar 'bg_shock_volume_reload2d' in file 'shock/damage_mp.shock'
^3Warning: WARNING: unknown cvar 'bg_shock_volume_item' in file 'shock/damage_mp.shock'
^3Warning: WARNING: unknown cvar 'bg_shock_volume_effects1' in file 'shock/damage_mp.shock'
^3Warning: WARNING: unknown cvar 'bg_shock_volume_effects2' in file 'shock/damage_mp.shock'
^3Warning: WARNING: unknown cvar 'bg_shock_volume_weapon' in file 'shock/damage_mp.shock'
^3Warning: WARNING: unknown cvar 'bg_shock_volume_weapon2d' in file 'shock/damage_mp.shock'
^3Warning: WARNING: unknown cvar 'bg_shock_volume_nonshock' in file 'shock/damage_mp.shock'
^3Warning: WARNING: unknown cvar 'bg_shock_volume_voice' in file 'shock/damage_mp.shock'
^3Warning: WARNING: unknown cvar 'bg_shock_volume_local' in file 'shock/damage_mp.shock'
^3Warning: WARNING: unknown cvar 'bg_shock_volume_local2' in file 'shock/damage_mp.shock'
^3Warning: WARNING: unknown cvar 'bg_shock_volume_ambient' in file 'shock/damage_mp.shock'
^3Warning: WARNING: unknown cvar 'bg_shock_volume_hurt' in file 'shock/damage_mp.shock'
^3Warning: WARNING: unknown cvar 'bg_shock_volume_player1' in file 'shock/damage_mp.shock'
^3Warning: WARNING: unknown cvar 'bg_shock_volume_player2' in file 'shock/damage_mp.shock'
^3Warning: WARNING: unknown cvar 'bg_shock_volume_music' in file 'shock/damage_mp.shock'
^3Warning: WARNING: unknown cvar 'bg_shock_volume_musicnopause' in file 'shock/damage_mp.shock'
^3Warning: WARNING: unknown cvar 'bg_shock_volume_mission' in file 'shock/damage_mp.shock'
^3Warning: WARNING: unknown cvar 'bg_shock_volume_announcer' in file 'shock/damage_mp.shock'
^3Warning: WARNING: unknown cvar 'bg_shock_volume_shellshock' in file 'shock/damage_mp.shock'
^2briefcase_bomb_mp: WEAPON_BRIEFCASE_BOMB_PLANT
^2briefcase_bomb_defuse_mp: WEAPON_BRIEFCASE_BOMB_DEFUSE
By using this software you agree to the usage conditions you can find at https://github.com/callofduty4x/CoD4x_Server#usage-conditions-for-server-hosters
-----------------------------------
^4Calculate referenced files checksums...
^4CRC32 for Mods/so_russia/so_flags.iwd is 83dfa60a Len 193673
^4CRC32 for Mods/so_russia/so_knifemusic.iwd is 9a04fa52 Len 21468431
^4CRC32 for Mods/so_russia/so_materials.iwd is ac1cfa1c Len 23025400
^4CRC32 for Mods/so_russia/so_pml220.iwd is 53fc27b0 Len 23709118
^4CRC32 for Mods/so_russia/so_skins.iwd is 47b30388 Len 17861791
^4CRC32 for Mods/so_russia/so_sound.iwd is 8bf06dbc Len 34391740
^4CRC32 for Mods/so_russia/so_weapons.iwd is cb89a5e5 Len 96244
^4CRC32 for Mods/so_russia/z_skins.iwd is 47b30388 Len 17861791
^4CRC32 for main/iw_11.iwd is e9cf411f Len 151420446
^4CRC32 for zone/english/code_post_gfx_mp.ff is b144581c Len 89196
^4CRC32 for zone/english/common_mp.ff is 4ef7a074 Len 13517381
^4CRC32 for Mods/so_russia/mod.ff is 7d441c7e Len 2332708
^4CRC32 for zone/english/mp_backlot.ff is f4cc856b Len 39998207
^2Couldn't open nvconfig_v2.dat for reading
^1Error: Could not load rawfile "maps/mp/gametypes/crnk.txt".
^3Warning: WARNING: Could not load GameType description file maps/mp/gametypes/crnk.txt for gametype crnk
^1Error: Could not load rawfile "maps/mp/gametypes/sr.txt".
^3Warning: WARNING: Could not load GameType description file maps/mp/gametypes/sr.txt for gametype sr
==== ShutdownGame (1) ====
------ Server Initialization ------
Server: mp_killhouse
SV_SpawnServer checksum feed: 0x7f7b1ccd
d:\cod\main\localized_english_iw00.iwd: 1153205984
d:\cod\main\localized_english_iw01.iwd: -1309123375
d:\cod\main\localized_english_iw02.iwd: 0
d:\cod\main\localized_english_iw03.iwd: 1512651063
d:\cod\main\localized_english_iw04.iwd: 1881543891
d:\cod\main\localized_english_iw05.iwd: -2134907699
d:\cod\main\localized_english_iw06.iwd: -865200138
d:\cod\main\iw_00.iwd: -1190209610
d:\cod\main\iw_01.iwd: 648005745
d:\cod\main\iw_02.iwd: -165391090
d:\cod\main\iw_03.iwd: 309900900
d:\cod\main\iw_04.iwd: 499941093
d:\cod\main\iw_05.iwd: 489843315
d:\cod\main\iw_06.iwd: -715502781
d:\cod\main\iw_07.iwd: -1041447890
d:\cod\main\iw_08.iwd: -1079795827
d:\cod\main\iw_09.iwd: -1846635013
d:\cod\main\iw_10.iwd: 173489706
d:\cod\main\iw_11.iwd: -292863836
d:\cod\main\iw_12.iwd: 1043426064
d:\cod\main\iw_13.iwd: 2115322797
d:\cod\main\jcod4x_00.iwd: 94291723
d:\cod\main\xbase_00.iwd: -978930286
d:\mod-tools\mods\so_russia\main\jcod4x_00.iwd: 94291723
d:\mod-tools\mods\so_russia\main\xbase_00.iwd: -978930286
d:\cod\Mods\so_russia\so_flags.iwd: 2122395185
d:\cod\Mods\so_russia\so_knifemusic.iwd: 1290280595
d:\cod\Mods\so_russia\so_materials.iwd: 1982727034
d:\cod\Mods\so_russia\so_pml220.iwd: -294911033
d:\cod\Mods\so_russia\so_skins.iwd: -1841613628
d:\cod\Mods\so_russia\so_sound.iwd: -1785650108
d:\cod\Mods\so_russia\so_weapons.iwd: 156107619
d:\cod\Mods\so_russia\z_skins.iwd: -1841613628
Current language: english
Current fs_basepath: d:/cod
Current fs_homepath: d:/mod-tools/mods/so_russia
Current search path:
d:/mod-tools/mods/so_russia/Mods/so_russia
d:\cod\Mods\so_russia\z_skins.iwd (53 files)
d:\cod\Mods\so_russia\so_weapons.iwd (43 files)
d:\cod\Mods\so_russia\so_sound.iwd (61 files)
d:\cod\Mods\so_russia\so_skins.iwd (53 files)
d:\cod\Mods\so_russia\so_pml220.iwd (220 files)
d:\cod\Mods\so_russia\so_materials.iwd (66 files)
d:\cod\Mods\so_russia\so_knifemusic.iwd (7 files)
d:\cod\Mods\so_russia\so_flags.iwd (254 files)
d:/cod/Mods/so_russia
d:/mod-tools/mods/so_russia/usermaps/mp_killhouse
d:/cod/usermaps/mp_killhouse
d:\mod-tools\mods\so_russia\main\xbase_00.iwd (115 files)
d:\mod-tools\mods\so_russia\main\jcod4x_00.iwd (67 files)
d:/mod-tools/mods/so_russia/main
d:/mod-tools/mods/so_russia/main_shared
d:\cod\main\iw_13.iwd (265 files)
d:\cod\main\iw_12.iwd (33 files)
d:\cod\main\iw_11.iwd (448 files)
d:\cod\main\iw_10.iwd (230 files)
d:\cod\main\iw_09.iwd (447 files)
d:\cod\main\iw_08.iwd (66 files)
d:\cod\main\iw_07.iwd (34 files)
d:\cod\main\iw_06.iwd (416 files)
d:\cod\main\iw_05.iwd (716 files)
d:\cod\main\iw_04.iwd (765 files)
d:\cod\main\iw_03.iwd (670 files)
d:\cod\main\iw_02.iwd (1296 files)
d:\cod\main\iw_01.iwd (1456 files)
d:\cod\main\iw_00.iwd (1054 files)
d:/cod/main
d:/cod/main_shared
d:/cod/players
d:\cod\main\localized_english_iw06.iwd (7 files)
    localized assets iwd file for english
d:\cod\main\localized_english_iw05.iwd (222 files)
    localized assets iwd file for english
d:\cod\main\localized_english_iw04.iwd (420 files)
    localized assets iwd file for english
d:\cod\main\localized_english_iw03.iwd (215 files)
    localized assets iwd file for english
d:\cod\main\localized_english_iw02.iwd (2 files)
    localized assets iwd file for english
d:\cod\main\localized_english_iw01.iwd (6 files)
    localized assets iwd file for english
d:\cod\main\localized_english_iw00.iwd (39 files)
    localized assets iwd file for english

File Handles:
handle 2: qconsole.log
----------------------
9928 files in iwd files
Unloading assets from fastfile 'mp_backlot' and creating default assets stubs
Unloaded fastfile 'mp_backlot'
PMem_Free( mp_backlot, Low )
^2freed 4044.10
PMem_Free( mp_backlot, High )
Adding fastfile 'mp_killhouse' to queue
Loading fastfile 'mp_killhouse'
used 44.20 MB memory in DB alloc
Waited 321 msec for asset 'maps/mp/mp_killhouse.d3dbsp' of type 'col_map_mp'.
------- Game Initialization -------
gamename: Call of Duty 4
gamedate: Feb 12 2009
^2----------------------
^2Game: G_SetupWeaponDef
^2----------------------
fs_ignoreLocalized is cheat protected.
fs_ignoreLocalized is cheat protected.
Loaded fastfile 'mp_killhouse' in 628ms (258ms waiting)
^1Error: Waited 277 msec for missing asset "codescripts/delete.gsx".
-----------------------------------
^2c4_mp: WEAPON_C4
^2throwingknife_mp: WEAPON_THROWKNIFE
^3Warning: WARNING: unknown cvar 'bg_shock_volume_physics' in file 'shock/frag_grenade_mp.shock'
^3Warning: WARNING: unknown cvar 'bg_shock_volume_auto' in file 'shock/frag_grenade_mp.shock'
^3Warning: WARNING: unknown cvar 'bg_shock_volume_auto2' in file 'shock/frag_grenade_mp.shock'
^3Warning: WARNING: unknown cvar 'bg_shock_volume_autodog' in file 'shock/frag_grenade_mp.shock'
^3Warning: WARNING: unknown cvar 'bg_shock_volume_bulletimpact' in file 'shock/frag_grenade_mp.shock'
^3Warning: WARNING: unknown cvar 'bg_shock_volume_bulletwhizby' in file 'shock/frag_grenade_mp.shock'
^3Warning: WARNING: unknown cvar 'bg_shock_volume_element' in file 'shock/frag_grenade_mp.shock'
^3Warning: WARNING: unknown cvar 'bg_shock_volume_auto2d' in file 'shock/frag_grenade_mp.shock'
^3Warning: WARNING: unknown cvar 'bg_shock_volume_vehicle' in file 'shock/frag_grenade_mp.shock'
^3Warning: WARNING: unknown cvar 'bg_shock_volume_vehiclelimited' in file 'shock/frag_grenade_mp.shock'
^3Warning: WARNING: unknown cvar 'bg_shock_volume_menu' in file 'shock/frag_grenade_mp.shock'
^3Warning: WARNING: unknown cvar 'bg_shock_volume_body' in file 'shock/frag_grenade_mp.shock'
^3Warning: WARNING: unknown cvar 'bg_shock_volume_body2d' in file 'shock/frag_grenade_mp.shock'
^3Warning: WARNING: unknown cvar 'bg_shock_volume_reload' in file 'shock/frag_grenade_mp.shock'
^3Warning: WARNING: unknown cvar 'bg_shock_volume_reload2d' in file 'shock/frag_grenade_mp.shock'
^3Warning: WARNING: unknown cvar 'bg_shock_volume_item' in file 'shock/frag_grenade_mp.shock'
^3Warning: WARNING: unknown cvar 'bg_shock_volume_effects1' in file 'shock/frag_grenade_mp.shock'
^3Warning: WARNING: unknown cvar 'bg_shock_volume_effects2' in file 'shock/frag_grenade_mp.shock'
^3Warning: WARNING: unknown cvar 'bg_shock_volume_weapon' in file 'shock/frag_grenade_mp.shock'
^3Warning: WARNING: unknown cvar 'bg_shock_volume_weapon2d' in file 'shock/frag_grenade_mp.shock'
^3Warning: WARNING: unknown cvar 'bg_shock_volume_nonshock' in file 'shock/frag_grenade_mp.shock'
^3Warning: WARNING: unknown cvar 'bg_shock_volume_voice' in file 'shock/frag_grenade_mp.shock'
^3Warning: WARNING: unknown cvar 'bg_shock_volume_local' in file 'shock/frag_grenade_mp.shock'
^3Warning: WARNING: unknown cvar 'bg_shock_volume_local2' in file 'shock/frag_grenade_mp.shock'
^3Warning: WARNING: unknown cvar 'bg_shock_volume_ambient' in file 'shock/frag_grenade_mp.shock'
^3Warning: WARNING: unknown cvar 'bg_shock_volume_hurt' in file 'shock/frag_grenade_mp.shock'
^3Warning: WARNING: unknown cvar 'bg_shock_volume_player1' in file 'shock/frag_grenade_mp.shock'
^3Warning: WARNING: unknown cvar 'bg_shock_volume_player2' in file 'shock/frag_grenade_mp.shock'
^3Warning: WARNING: unknown cvar 'bg_shock_volume_music' in file 'shock/frag_grenade_mp.shock'
^3Warning: WARNING: unknown cvar 'bg_shock_volume_musicnopause' in file 'shock/frag_grenade_mp.shock'
^3Warning: WARNING: unknown cvar 'bg_shock_volume_mission' in file 'shock/frag_grenade_mp.shock'
^3Warning: WARNING: unknown cvar 'bg_shock_volume_announcer' in file 'shock/frag_grenade_mp.shock'
^3Warning: WARNING: unknown cvar 'bg_shock_volume_shellshock' in file 'shock/frag_grenade_mp.shock'
^2claymore_mp: WEAPON_CLAYMORE
^2frag_grenade_mp: WEAPON_FRAGGRENADE
^2frag_grenade_short_mp: WEAPON_FRAGGRENADE
^2smoke_grenade_mp: WEAPON_SMOKEGRENADE
^2flash_grenade_mp: WEAPON_FLASHGRENADE
^3Warning: WARNING: unknown cvar 'bg_shock_volume_physics' in file 'shock/default.shock'
^3Warning: WARNING: unknown cvar 'bg_shock_volume_auto' in file 'shock/default.shock'
^3Warning: WARNING: unknown cvar 'bg_shock_volume_auto2' in file 'shock/default.shock'
^3Warning: WARNING: unknown cvar 'bg_shock_volume_autodog' in file 'shock/default.shock'
^3Warning: WARNING: unknown cvar 'bg_shock_volume_bulletimpact' in file 'shock/default.shock'
^3Warning: WARNING: unknown cvar 'bg_shock_volume_bulletwhizby' in file 'shock/default.shock'
^3Warning: WARNING: unknown cvar 'bg_shock_volume_element' in file 'shock/default.shock'
^3Warning: WARNING: unknown cvar 'bg_shock_volume_auto2d' in file 'shock/default.shock'
^3Warning: WARNING: unknown cvar 'bg_shock_volume_vehicle' in file 'shock/default.shock'
^3Warning: WARNING: unknown cvar 'bg_shock_volume_vehiclelimited' in file 'shock/default.shock'
^3Warning: WARNING: unknown cvar 'bg_shock_volume_menu' in file 'shock/default.shock'
^3Warning: WARNING: unknown cvar 'bg_shock_volume_body' in file 'shock/default.shock'
^3Warning: WARNING: unknown cvar 'bg_shock_volume_body2d' in file 'shock/default.shock'
^3Warning: WARNING: unknown cvar 'bg_shock_volume_reload' in file 'shock/default.shock'
^3Warning: WARNING: unknown cvar 'bg_shock_volume_reload2d' in file 'shock/default.shock'
^3Warning: WARNING: unknown cvar 'bg_shock_volume_item' in file 'shock/default.shock'
^3Warning: WARNING: unknown cvar 'bg_shock_volume_effects1' in file 'shock/default.shock'
^3Warning: WARNING: unknown cvar 'bg_shock_volume_effects2' in file 'shock/default.shock'
^3Warning: WARNING: unknown cvar 'bg_shock_volume_weapon' in file 'shock/default.shock'
^3Warning: WARNING: unknown cvar 'bg_shock_volume_weapon2d' in file 'shock/default.shock'
^3Warning: WARNING: unknown cvar 'bg_shock_volume_nonshock' in file 'shock/default.shock'
^3Warning: WARNING: unknown cvar 'bg_shock_volume_voice' in file 'shock/default.shock'
^3Warning: WARNING: unknown cvar 'bg_shock_volume_local' in file 'shock/default.shock'
^3Warning: WARNING: unknown cvar 'bg_shock_volume_local2' in file 'shock/default.shock'
^3Warning: WARNING: unknown cvar 'bg_shock_volume_ambient' in file 'shock/default.shock'
^3Warning: WARNING: unknown cvar 'bg_shock_volume_hurt' in file 'shock/default.shock'
^3Warning: WARNING: unknown cvar 'bg_shock_volume_player1' in file 'shock/default.shock'
^3Warning: WARNING: unknown cvar 'bg_shock_volume_player2' in file 'shock/default.shock'
^3Warning: WARNING: unknown cvar 'bg_shock_volume_music' in file 'shock/default.shock'
^3Warning: WARNING: unknown cvar 'bg_shock_volume_musicnopause' in file 'shock/default.shock'
^3Warning: WARNING: unknown cvar 'bg_shock_volume_mission' in file 'shock/default.shock'
^3Warning: WARNING: unknown cvar 'bg_shock_volume_announcer' in file 'shock/default.shock'
^3Warning: WARNING: unknown cvar 'bg_shock_volume_shellshock' in file 'shock/default.shock'
^3Warning: WARNING: unknown cvar 'bg_shock_volume_physics' in file 'shock/flashbang.shock'
^3Warning: WARNING: unknown cvar 'bg_shock_volume_auto' in file 'shock/flashbang.shock'
^3Warning: WARNING: unknown cvar 'bg_shock_volume_auto2' in file 'shock/flashbang.shock'
^3Warning: WARNING: unknown cvar 'bg_shock_volume_autodog' in file 'shock/flashbang.shock'
^3Warning: WARNING: unknown cvar 'bg_shock_volume_bulletimpact' in file 'shock/flashbang.shock'
^3Warning: WARNING: unknown cvar 'bg_shock_volume_bulletwhizby' in file 'shock/flashbang.shock'
^3Warning: WARNING: unknown cvar 'bg_shock_volume_element' in file 'shock/flashbang.shock'
^3Warning: WARNING: unknown cvar 'bg_shock_volume_auto2d' in file 'shock/flashbang.shock'
^3Warning: WARNING: unknown cvar 'bg_shock_volume_vehicle' in file 'shock/flashbang.shock'
^3Warning: WARNING: unknown cvar 'bg_shock_volume_vehiclelimited' in file 'shock/flashbang.shock'
^3Warning: WARNING: unknown cvar 'bg_shock_volume_menu' in file 'shock/flashbang.shock'
^3Warning: WARNING: unknown cvar 'bg_shock_volume_body' in file 'shock/flashbang.shock'
^3Warning: WARNING: unknown cvar 'bg_shock_volume_body2d' in file 'shock/flashbang.shock'
^3Warning: WARNING: unknown cvar 'bg_shock_volume_reload' in file 'shock/flashbang.shock'
^3Warning: WARNING: unknown cvar 'bg_shock_volume_reload2d' in file 'shock/flashbang.shock'
^3Warning: WARNING: unknown cvar 'bg_shock_volume_item' in file 'shock/flashbang.shock'
^3Warning: WARNING: unknown cvar 'bg_shock_volume_effects1' in file 'shock/flashbang.shock'
^3Warning: WARNING: unknown cvar 'bg_shock_volume_effects2' in file 'shock/flashbang.shock'
^3Warning: WARNING: unknown cvar 'bg_shock_volume_weapon' in file 'shock/flashbang.shock'
^3Warning: WARNING: unknown cvar 'bg_shock_volume_weapon2d' in file 'shock/flashbang.shock'
^3Warning: WARNING: unknown cvar 'bg_shock_volume_nonshock' in file 'shock/flashbang.shock'
^3Warning: WARNING: unknown cvar 'bg_shock_volume_voice' in file 'shock/flashbang.shock'
^3Warning: WARNING: unknown cvar 'bg_shock_volume_local' in file 'shock/flashbang.shock'
^3Warning: WARNING: unknown cvar 'bg_shock_volume_local2' in file 'shock/flashbang.shock'
^3Warning: WARNING: unknown cvar 'bg_shock_volume_ambient' in file 'shock/flashbang.shock'
^3Warning: WARNING: unknown cvar 'bg_shock_volume_hurt' in file 'shock/flashbang.shock'
^3Warning: WARNING: unknown cvar 'bg_shock_volume_player1' in file 'shock/flashbang.shock'
^3Warning: WARNING: unknown cvar 'bg_shock_volume_player2' in file 'shock/flashbang.shock'
^3Warning: WARNING: unknown cvar 'bg_shock_volume_music' in file 'shock/flashbang.shock'
^3Warning: WARNING: unknown cvar 'bg_shock_volume_musicnopause' in file 'shock/flashbang.shock'
^3Warning: WARNING: unknown cvar 'bg_shock_volume_mission' in file 'shock/flashbang.shock'
^3Warning: WARNING: unknown cvar 'bg_shock_volume_announcer' in file 'shock/flashbang.shock'
^3Warning: WARNING: unknown cvar 'bg_shock_volume_shellshock' in file 'shock/flashbang.shock'
^3Warning: WARNING: unknown cvar 'bg_shock_volume_physics' in file 'shock/frag_grenade_mp.shock'
^3Warning: WARNING: unknown cvar 'bg_shock_volume_auto' in file 'shock/frag_grenade_mp.shock'
^3Warning: WARNING: unknown cvar 'bg_shock_volume_auto2' in file 'shock/frag_grenade_mp.shock'
^3Warning: WARNING: unknown cvar 'bg_shock_volume_autodog' in file 'shock/frag_grenade_mp.shock'
^3Warning: WARNING: unknown cvar 'bg_shock_volume_bulletimpact' in file 'shock/frag_grenade_mp.shock'
^3Warning: WARNING: unknown cvar 'bg_shock_volume_bulletwhizby' in file 'shock/frag_grenade_mp.shock'
^3Warning: WARNING: unknown cvar 'bg_shock_volume_element' in file 'shock/frag_grenade_mp.shock'
^3Warning: WARNING: unknown cvar 'bg_shock_volume_auto2d' in file 'shock/frag_grenade_mp.shock'
^3Warning: WARNING: unknown cvar 'bg_shock_volume_vehicle' in file 'shock/frag_grenade_mp.shock'
^3Warning: WARNING: unknown cvar 'bg_shock_volume_vehiclelimited' in file 'shock/frag_grenade_mp.shock'
^3Warning: WARNING: unknown cvar 'bg_shock_volume_menu' in file 'shock/frag_grenade_mp.shock'
^3Warning: WARNING: unknown cvar 'bg_shock_volume_body' in file 'shock/frag_grenade_mp.shock'
^3Warning: WARNING: unknown cvar 'bg_shock_volume_body2d' in file 'shock/frag_grenade_mp.shock'
^3Warning: WARNING: unknown cvar 'bg_shock_volume_reload' in file 'shock/frag_grenade_mp.shock'
^3Warning: WARNING: unknown cvar 'bg_shock_volume_reload2d' in file 'shock/frag_grenade_mp.shock'
^3Warning: WARNING: unknown cvar 'bg_shock_volume_item' in file 'shock/frag_grenade_mp.shock'
^3Warning: WARNING: unknown cvar 'bg_shock_volume_effects1' in file 'shock/frag_grenade_mp.shock'
^3Warning: WARNING: unknown cvar 'bg_shock_volume_effects2' in file 'shock/frag_grenade_mp.shock'
^3Warning: WARNING: unknown cvar 'bg_shock_volume_weapon' in file 'shock/frag_grenade_mp.shock'
^3Warning: WARNING: unknown cvar 'bg_shock_volume_weapon2d' in file 'shock/frag_grenade_mp.shock'
^3Warning: WARNING: unknown cvar 'bg_shock_volume_nonshock' in file 'shock/frag_grenade_mp.shock'
^3Warning: WARNING: unknown cvar 'bg_shock_volume_voice' in file 'shock/frag_grenade_mp.shock'
^3Warning: WARNING: unknown cvar 'bg_shock_volume_local' in file 'shock/frag_grenade_mp.shock'
^3Warning: WARNING: unknown cvar 'bg_shock_volume_local2' in file 'shock/frag_grenade_mp.shock'
^3Warning: WARNING: unknown cvar 'bg_shock_volume_ambient' in file 'shock/frag_grenade_mp.shock'
^3Warning: WARNING: unknown cvar 'bg_shock_volume_hurt' in file 'shock/frag_grenade_mp.shock'
^3Warning: WARNING: unknown cvar 'bg_shock_volume_player1' in file 'shock/frag_grenade_mp.shock'
^3Warning: WARNING: unknown cvar 'bg_shock_volume_player2' in file 'shock/frag_grenade_mp.shock'
^3Warning: WARNING: unknown cvar 'bg_shock_volume_music' in file 'shock/frag_grenade_mp.shock'
^3Warning: WARNING: unknown cvar 'bg_shock_volume_musicnopause' in file 'shock/frag_grenade_mp.shock'
^3Warning: WARNING: unknown cvar 'bg_shock_volume_mission' in file 'shock/frag_grenade_mp.shock'
^3Warning: WARNING: unknown cvar 'bg_shock_volume_announcer' in file 'shock/frag_grenade_mp.shock'
^3Warning: WARNING: unknown cvar 'bg_shock_volume_shellshock' in file 'shock/frag_grenade_mp.shock'
^3Warning: WARNING: unknown cvar 'bg_shock_volume_physics' in file 'shock/damage_mp.shock'
^3Warning: WARNING: unknown cvar 'bg_shock_volume_auto' in file 'shock/damage_mp.shock'
^3Warning: WARNING: unknown cvar 'bg_shock_volume_auto2' in file 'shock/damage_mp.shock'
^3Warning: WARNING: unknown cvar 'bg_shock_volume_autodog' in file 'shock/damage_mp.shock'
^3Warning: WARNING: unknown cvar 'bg_shock_volume_bulletimpact' in file 'shock/damage_mp.shock'
^3Warning: WARNING: unknown cvar 'bg_shock_volume_bulletwhizby' in file 'shock/damage_mp.shock'
^3Warning: WARNING: unknown cvar 'bg_shock_volume_element' in file 'shock/damage_mp.shock'
^3Warning: WARNING: unknown cvar 'bg_shock_volume_auto2d' in file 'shock/damage_mp.shock'
^3Warning: WARNING: unknown cvar 'bg_shock_volume_vehicle' in file 'shock/damage_mp.shock'
^3Warning: WARNING: unknown cvar 'bg_shock_volume_vehiclelimited' in file 'shock/damage_mp.shock'
^3Warning: WARNING: unknown cvar 'bg_shock_volume_menu' in file 'shock/damage_mp.shock'
^3Warning: WARNING: unknown cvar 'bg_shock_volume_body' in file 'shock/damage_mp.shock'
^3Warning: WARNING: unknown cvar 'bg_shock_volume_body2d' in file 'shock/damage_mp.shock'
^3Warning: WARNING: unknown cvar 'bg_shock_volume_reload' in file 'shock/damage_mp.shock'
^3Warning: WARNING: unknown cvar 'bg_shock_volume_reload2d' in file 'shock/damage_mp.shock'
^3Warning: WARNING: unknown cvar 'bg_shock_volume_item' in file 'shock/damage_mp.shock'
^3Warning: WARNING: unknown cvar 'bg_shock_volume_effects1' in file 'shock/damage_mp.shock'
^3Warning: WARNING: unknown cvar 'bg_shock_volume_effects2' in file 'shock/damage_mp.shock'
^3Warning: WARNING: unknown cvar 'bg_shock_volume_weapon' in file 'shock/damage_mp.shock'
^3Warning: WARNING: unknown cvar 'bg_shock_volume_weapon2d' in file 'shock/damage_mp.shock'
^3Warning: WARNING: unknown cvar 'bg_shock_volume_nonshock' in file 'shock/damage_mp.shock'
^3Warning: WARNING: unknown cvar 'bg_shock_volume_voice' in file 'shock/damage_mp.shock'
^3Warning: WARNING: unknown cvar 'bg_shock_volume_local' in file 'shock/damage_mp.shock'
^3Warning: WARNING: unknown cvar 'bg_shock_volume_local2' in file 'shock/damage_mp.shock'
^3Warning: WARNING: unknown cvar 'bg_shock_volume_ambient' in file 'shock/damage_mp.shock'
^3Warning: WARNING: unknown cvar 'bg_shock_volume_hurt' in file 'shock/damage_mp.shock'
^3Warning: WARNING: unknown cvar 'bg_shock_volume_player1' in file 'shock/damage_mp.shock'
^3Warning: WARNING: unknown cvar 'bg_shock_volume_player2' in file 'shock/damage_mp.shock'
^3Warning: WARNING: unknown cvar 'bg_shock_volume_music' in file 'shock/damage_mp.shock'
^3Warning: WARNING: unknown cvar 'bg_shock_volume_musicnopause' in file 'shock/damage_mp.shock'
^3Warning: WARNING: unknown cvar 'bg_shock_volume_mission' in file 'shock/damage_mp.shock'
^3Warning: WARNING: unknown cvar 'bg_shock_volume_announcer' in file 'shock/damage_mp.shock'
^3Warning: WARNING: unknown cvar 'bg_shock_volume_shellshock' in file 'shock/damage_mp.shock'
^2briefcase_bomb_mp: WEAPON_BRIEFCASE_BOMB_PLANT
^2briefcase_bomb_defuse_mp: WEAPON_BRIEFCASE_BOMB_DEFUSE
By using this software you agree to the usage conditions you can find at https://github.com/callofduty4x/CoD4x_Server#usage-conditions-for-server-hosters
-----------------------------------
^4Calculate referenced files checksums...
^4CRC32 for Mods/so_russia/so_flags.iwd is 83dfa60a Len 193673
^4CRC32 for Mods/so_russia/so_knifemusic.iwd is 9a04fa52 Len 21468431
^4CRC32 for Mods/so_russia/so_materials.iwd is ac1cfa1c Len 23025400
^4CRC32 for Mods/so_russia/so_pml220.iwd is 53fc27b0 Len 23709118
^4CRC32 for Mods/so_russia/so_skins.iwd is 47b30388 Len 17861791
^4CRC32 for Mods/so_russia/so_sound.iwd is 8bf06dbc Len 34391740
^4CRC32 for Mods/so_russia/so_weapons.iwd is cb89a5e5 Len 96244
^4CRC32 for Mods/so_russia/z_skins.iwd is 47b30388 Len 17861791
^4CRC32 for main/iw_11.iwd is e9cf411f Len 151420446
^4CRC32 for zone/english/code_post_gfx_mp.ff is b144581c Len 89196
^4CRC32 for zone/english/common_mp.ff is 4ef7a074 Len 13517381
^4CRC32 for Mods/so_russia/mod.ff is 7d441c7e Len 2332708
^4CRC32 for zone/english/mp_killhouse.ff is 74a9a11f Len 39319415
execing server.cfg
^2Checking if the plugin is not already loaded...
^2Checking if the plugin file exists and is of correct format...
^2Parsing plugin function names...
^2Done parsing plugin function names.
^2Loading the plugin .so...
^2Plugin OK! Loading...
^2Fetching plugin information...
^2Executing plugin's OnInit...
^2HTTPRequest: Open URL https://so-russia.tk:443/screenshots/1/submit.php
Unable to resolve hostname so-russia.tk:443
Receiving data has failed
^1Error: Init failure. Couldn't connect to server
Error in plugin's OnInit function!
Plugin load failed.
^2Checking if the plugin is not already loaded...
^2Checking if the plugin file exists and is of correct format...
No such file found: plugins/libcod4x_http_plugin.dll. Can not load this plugin.
^2Checking if the plugin is not already loaded...
^2Checking if the plugin file exists and is of correct format...
^2Parsing plugin function names...
^2Done parsing plugin function names.
^2Loading the plugin .so...
^2Plugin OK! Loading...
^2Fetching plugin information...
^2Executing plugin's OnInit...
Censor_Plugin: Can not open badwords.txt for reading
Plugin censor loaded successfully. Server is currently running 2 plugins.
^2Checking if the plugin is not already loaded...
^2Checking if the plugin file exists and is of correct format...
^2Parsing plugin function names...
^2Done parsing plugin function names.
^2Loading the plugin .so...
^2Plugin OK! Loading...
^2Fetching plugin information...
^2Executing plugin's OnInit...
Attempting to allocate 96B of memory for plugin #1...
Allocating 96B of memory for plugin #1.
^2Adding a plugin command for plugin 1, command name: client_checkin.
^2Command added.
^2Adding a plugin command for plugin 1, command name: b3status.
^2Command added.
^2Remove a plugin command for plugin 1, command name: status.
^2Command removed.
^2Adding a plugin command for plugin 1, command name: status.
^2Command added.
Plugin b3hide loaded successfully. Server is currently running 3 plugins.
g_gametype will be changed upon restarting.
fixedtime is cheat protected.
loc_forceEnglish will be changed upon restarting.
loc_language will be changed upon restarting.
loc_translate will be changed upon restarting.
sv_running is read only.
sv_serverid is read only.
arch is read only.
g_gametype will be changed upon restarting.
Steam: Server connected successfully
GameServer is not VAC Secure!
GameServer SteamID: [A:1:4206825472]
Resolving cod4master.activision.com 
Sending master heartbeat from 0.0.0.0:28961 to 188.165.57.239:20810
Sending master heartbeat from 0.0.0.0:28961 to 84.21.7.14:20810
cod4master.activision.com resolved to 185.34.107.159:20810
^5Hitch warning: 10379 msec frame time
^2SV packet 185.34.107.159:20810: getchallenge -1557420430
Resolving cod4master.activision.com
cod4master.activision.com resolved to 185.34.107.159:20800
^2SV packet 185.34.107.159:20810: getstatus -1557420430
Masterserver needs token to complete registration
Sending master heartbeat from [::]:28960 to [2a02:730:1220::187]:20810
Masterserver needs token to complete registration
Sending master heartbeat from [::]:28960 to [2001:41d0:a:37ad::17]:20810
Cvar net_ip6 is undefined. Announcing address 2402:4000:2280:3f44:e031:c167:b292:1698!
Cvar net_ip6 is undefined. Announcing address 2402:4000:2280:3f44:e031:c167:b292:1698!
Masterserver needs token to complete registration
Masterserver needs token to complete registration
Can not register server on the masterserver. Server needs to provide a valid token in cvar sv_authtoken.
Can not register server on the masterserver. Server needs to provide a valid token in cvar sv_authtoken.
^2SV packet 185.34.107.159:20810: getchallenge -1557416374
quitting...
All plugins have terminated
----- Server Shutdown -----

With the reason: EXE_SERVERQUIT
==== ShutdownGame (1) ====
Sending master heartbeat from 0.0.0.0:28961 to 188.165.57.239:20810
Sending master heartbeat from 0.0.0.0:28961 to 84.21.7.14:20810
---------------------------
Unloading assets from fastfile 'mp_killhouse' and deleting all assets
Unloading assets from fastfile 'mod' and deleting all assets
Unloading assets from fastfile 'common_mp' and deleting all assets
Unloading assets from fastfile 'localized_code_post_gfx_mp' and deleting all assets
Unloading assets from fastfile 'code_post_gfx_mp' and deleting all assets
Unloaded fastfile 'mp_killhouse'
PMem_Free( mp_killhouse, Low )
^2freed 3999.88
PMem_Free( mp_killhouse, High )
Unloaded fastfile 'mod'
PMem_Free( mod, Low )
^2freed 3993.03
PMem_Free( mod, High )
Unloaded fastfile 'common_mp'
PMem_Free( common_mp, Low )
PMem_Free( common_mp, High )
^2freed 4032.03
Unloaded fastfile 'localized_code_post_gfx_mp'
PMem_Free( localized_code_post_gfx_mp, Low )
^2freed 4031.33
PMem_Free( localized_code_post_gfx_mp, High )
Unloaded fastfile 'code_post_gfx_mp'
PMem_Free( code_post_gfx_mp, Low )
^2freed 4030.86
PMem_Free( code_post_gfx_mp, High )
